<?xml version="1.0" encoding="UTF-8"?>
<coverage generated="1693480265206" clover="3.2.0">
  <project timestamp="1693480265206" name="All files">
    <metrics statements="377" coveredstatements="345" conditionals="290" coveredconditionals="219" methods="140" coveredmethods="123" elements="807" coveredelements="687" complexity="0" loc="377" ncloc="377" packages="1" files="4" classes="4"/>
    <file name="compiler.js" path="C:\Work\dev\nodedev\dynamik\compiler.js">
      <metrics statements="185" coveredstatements="175" conditionals="133" coveredconditionals="99" methods="65" coveredmethods="59"/>
      <line num="5" count="4" type="stmt"/>
      <line num="8" count="58" type="stmt"/>
      <line num="9" count="58" type="cond" truecount="2" falsecount="0"/>
      <line num="11" count="57" type="cond" truecount="2" falsecount="0"/>
      <line num="12" count="57" type="stmt"/>
      <line num="48" count="111" type="stmt"/>
      <line num="49" count="54" type="stmt"/>
      <line num="59" count="231" type="cond" truecount="1" falsecount="1"/>
      <line num="62" count="231" type="stmt"/>
      <line num="63" count="2279" type="cond" truecount="3" falsecount="0"/>
      <line num="65" count="3" type="stmt"/>
      <line num="66" count="3" type="stmt"/>
      <line num="70" count="228" type="cond" truecount="2" falsecount="0"/>
      <line num="71" count="50" type="stmt"/>
      <line num="72" count="76" type="stmt"/>
      <line num="76" count="226" type="cond" truecount="2" falsecount="0"/>
      <line num="77" count="8" type="stmt"/>
      <line num="80" count="678" type="stmt"/>
      <line num="81" count="226" type="stmt"/>
      <line num="92" count="1140" type="stmt"/>
      <line num="93" count="1140" type="cond" truecount="0" falsecount="1"/>
      <line num="95" count="233" type="stmt"/>
      <line num="100" count="6" type="stmt"/>
      <line num="101" count="5" type="stmt"/>
      <line num="102" count="5" type="stmt"/>
      <line num="113" count="4" type="stmt"/>
      <line num="116" count="57" type="stmt"/>
      <line num="117" count="57" type="stmt"/>
      <line num="120" count="115" type="stmt"/>
      <line num="126" count="115" type="stmt"/>
      <line num="132" count="115" type="cond" truecount="2" falsecount="0"/>
      <line num="133" count="115" type="stmt"/>
      <line num="134" count="115" type="stmt"/>
      <line num="137" count="9" type="stmt"/>
      <line num="138" count="9" type="stmt"/>
      <line num="139" count="9" type="cond" truecount="2" falsecount="0"/>
      <line num="140" count="9" type="cond" truecount="2" falsecount="0"/>
      <line num="141" count="8" type="stmt"/>
      <line num="142" count="8" type="stmt"/>
      <line num="143" count="8" type="cond" truecount="1" falsecount="1"/>
      <line num="144" count="0" type="stmt"/>
      <line num="145" count="0" type="stmt"/>
      <line num="148" count="9" type="stmt"/>
      <line num="149" count="9" type="stmt"/>
      <line num="150" count="8" type="stmt"/>
      <line num="151" count="8" type="cond" truecount="1" falsecount="1"/>
      <line num="152" count="8" type="cond" truecount="1" falsecount="1"/>
      <line num="153" count="0" type="stmt"/>
      <line num="154" count="0" type="stmt"/>
      <line num="157" count="9" type="stmt"/>
      <line num="162" count="4" type="stmt"/>
      <line num="165" count="57" type="stmt"/>
      <line num="167" count="115" type="cond" truecount="2" falsecount="0"/>
      <line num="169" count="4" type="cond" truecount="5" falsecount="0"/>
      <line num="174" count="57" type="stmt"/>
      <line num="176" count="57" type="stmt"/>
      <line num="177" count="57" type="stmt"/>
      <line num="178" count="57" type="cond" truecount="2" falsecount="0"/>
      <line num="179" count="2" type="stmt"/>
      <line num="183" count="118" type="stmt"/>
      <line num="184" count="118" type="cond" truecount="2" falsecount="0"/>
      <line num="185" count="27" type="stmt"/>
      <line num="186" count="40" type="stmt"/>
      <line num="189" count="117" type="cond" truecount="2" falsecount="0"/>
      <line num="190" count="117" type="cond" truecount="3" falsecount="1"/>
      <line num="191" count="117" type="cond" truecount="1" falsecount="3"/>
      <line num="192" count="117" type="cond" truecount="1" falsecount="3"/>
      <line num="195" count="3" type="cond" truecount="2" falsecount="0"/>
      <line num="196" count="1" type="stmt"/>
      <line num="199" count="44" type="cond" truecount="2" falsecount="0"/>
      <line num="200" count="3" type="stmt"/>
      <line num="201" count="3" type="cond" truecount="2" falsecount="0"/>
      <line num="202" count="2" type="stmt"/>
      <line num="203" count="2" type="cond" truecount="1" falsecount="1"/>
      <line num="204" count="2" type="stmt"/>
      <line num="206" count="41" type="stmt"/>
      <line num="210" count="4" type="stmt"/>
      <line num="212" count="57" type="stmt"/>
      <line num="213" count="117" type="stmt"/>
      <line num="215" count="117" type="cond" truecount="4" falsecount="0"/>
      <line num="216" count="117" type="cond" truecount="3" falsecount="0"/>
      <line num="218" count="113" type="stmt"/>
      <line num="219" count="113" type="stmt"/>
      <line num="220" count="113" type="stmt"/>
      <line num="222" count="3" type="cond" truecount="2" falsecount="0"/>
      <line num="223" count="3" type="cond" truecount="1" falsecount="1"/>
      <line num="224" count="2" type="stmt"/>
      <line num="225" count="2" type="stmt"/>
      <line num="227" count="1" type="stmt"/>
      <line num="232" count="4" type="stmt"/>
      <line num="234" count="57" type="stmt"/>
      <line num="235" count="115" type="stmt"/>
      <line num="237" count="115" type="stmt"/>
      <line num="238" count="115" type="stmt"/>
      <line num="239" count="115" type="cond" truecount="2" falsecount="0"/>
      <line num="241" count="4" type="stmt"/>
      <line num="242" count="4" type="stmt"/>
      <line num="244" count="12" type="cond" truecount="2" falsecount="0"/>
      <line num="245" count="12" type="stmt"/>
      <line num="246" count="12" type="stmt"/>
      <line num="255" count="115" type="cond" truecount="5" falsecount="0"/>
      <line num="256" count="12" type="stmt"/>
      <line num="257" count="6" type="stmt"/>
      <line num="258" count="4" type="stmt"/>
      <line num="268" count="111" type="cond" truecount="3" falsecount="0"/>
      <line num="270" count="12" type="stmt"/>
      <line num="271" count="6" type="stmt"/>
      <line num="272" count="12" type="stmt"/>
      <line num="274" count="99" type="stmt"/>
      <line num="279" count="4" type="stmt"/>
      <line num="281" count="57" type="stmt"/>
      <line num="282" count="115" type="stmt"/>
      <line num="284" count="115" type="stmt"/>
      <line num="288" count="4" type="stmt"/>
      <line num="290" count="57" type="stmt"/>
      <line num="291" count="115" type="cond" truecount="3" falsecount="0"/>
      <line num="293" count="26" type="stmt"/>
      <line num="294" count="26" type="stmt"/>
      <line num="295" count="26" type="stmt"/>
      <line num="297" count="26" type="stmt"/>
      <line num="298" count="26" type="stmt"/>
      <line num="300" count="39" type="cond" truecount="2" falsecount="2"/>
      <line num="301" count="39" type="cond" truecount="1" falsecount="1"/>
      <line num="303" count="39" type="cond" truecount="2" falsecount="2"/>
      <line num="304" count="39" type="cond" truecount="1" falsecount="1"/>
      <line num="306" count="39" type="stmt"/>
      <line num="309" count="26" type="stmt"/>
      <line num="310" count="13" type="stmt"/>
      <line num="311" count="13" type="cond" truecount="1" falsecount="1"/>
      <line num="313" count="26" type="stmt"/>
      <line num="318" count="4" type="stmt"/>
      <line num="320" count="4" type="stmt"/>
      <line num="321" count="4" type="stmt"/>
      <line num="324" count="684" type="stmt"/>
      <line num="325" count="684" type="stmt"/>
      <line num="326" count="684" type="cond" truecount="1" falsecount="1"/>
      <line num="329" count="1356" type="cond" truecount="2" falsecount="0"/>
      <line num="333" count="20" type="stmt"/>
      <line num="334" count="20" type="cond" truecount="3" falsecount="1"/>
      <line num="335" count="20" type="stmt"/>
      <line num="341" count="3" type="stmt"/>
      <line num="350" count="3" type="stmt"/>
      <line num="351" count="3" type="stmt"/>
      <line num="352" count="3" type="stmt"/>
      <line num="353" count="3" type="stmt"/>
      <line num="355" count="0" type="stmt"/>
      <line num="357" count="3" type="stmt"/>
      <line num="361" count="11" type="cond" truecount="3" falsecount="1"/>
      <line num="362" count="0" type="cond" truecount="0" falsecount="2"/>
      <line num="363" count="11" type="cond" truecount="1" falsecount="1"/>
      <line num="364" count="11" type="stmt"/>
      <line num="374" count="11" type="stmt"/>
      <line num="375" count="11" type="stmt"/>
      <line num="376" count="11" type="stmt"/>
      <line num="377" count="11" type="stmt"/>
      <line num="379" count="0" type="stmt"/>
      <line num="382" count="11" type="stmt"/>
      <line num="385" count="6" type="stmt"/>
      <line num="386" count="6" type="stmt"/>
      <line num="387" count="6" type="cond" truecount="2" falsecount="1"/>
      <line num="389" count="0" type="cond" truecount="0" falsecount="2"/>
      <line num="390" count="0" type="stmt"/>
      <line num="392" count="5" type="stmt"/>
      <line num="393" count="5" type="stmt"/>
      <line num="395" count="3" type="stmt"/>
      <line num="396" count="3" type="stmt"/>
      <line num="397" count="1" type="stmt"/>
      <line num="398" count="1" type="stmt"/>
      <line num="400" count="6" type="stmt"/>
      <line num="408" count="6" type="stmt"/>
      <line num="409" count="6" type="cond" truecount="2" falsecount="0"/>
      <line num="410" count="6" type="cond" truecount="2" falsecount="0"/>
      <line num="411" count="6" type="stmt"/>
      <line num="412" count="6" type="stmt"/>
      <line num="414" count="0" type="stmt"/>
      <line num="416" count="6" type="stmt"/>
      <line num="420" count="22" type="cond" truecount="1" falsecount="1"/>
      <line num="421" count="7" type="stmt"/>
      <line num="422" count="7" type="stmt"/>
      <line num="423" count="7" type="cond" truecount="3" falsecount="1"/>
      <line num="424" count="7" type="stmt"/>
      <line num="431" count="4" type="stmt"/>
      <line num="433" count="57" type="stmt"/>
      <line num="434" count="113" type="stmt"/>
      <line num="436" count="113" type="cond" truecount="1" falsecount="1"/>
    </file>
    <file name="data.js" path="C:\Work\dev\nodedev\dynamik\data.js">
      <metrics statements="30" coveredstatements="14" conditionals="18" coveredconditionals="3" methods="16" coveredmethods="8"/>
      <line num="4" count="8" type="stmt"/>
      <line num="18" count="42" type="stmt"/>
      <line num="28" count="42" type="cond" truecount="1" falsecount="1"/>
      <line num="29" count="42" type="stmt"/>
      <line num="30" count="42" type="stmt"/>
      <line num="31" count="0" type="stmt"/>
      <line num="32" count="42" type="stmt"/>
      <line num="33" count="42" type="cond" truecount="1" falsecount="3"/>
      <line num="35" count="42" type="stmt"/>
      <line num="37" count="0" type="stmt"/>
      <line num="38" count="0" type="stmt"/>
      <line num="40" count="0" type="stmt"/>
      <line num="41" count="0" type="stmt"/>
      <line num="42" count="0" type="stmt"/>
      <line num="43" count="0" type="cond" truecount="0" falsecount="2"/>
      <line num="44" count="0" type="cond" truecount="0" falsecount="4"/>
      <line num="45" count="0" type="stmt"/>
      <line num="49" count="0" type="stmt"/>
      <line num="51" count="0" type="stmt"/>
      <line num="52" count="0" type="stmt"/>
      <line num="54" count="0" type="stmt"/>
      <line num="59" count="21" type="cond" truecount="1" falsecount="1"/>
      <line num="61" count="0" type="stmt"/>
      <line num="65" count="21" type="stmt"/>
      <line num="67" count="0" type="stmt"/>
      <line num="68" count="0" type="stmt"/>
      <line num="73" count="4" type="stmt"/>
      <line num="75" count="4" type="stmt"/>
      <line num="80" count="4" type="stmt"/>
      <line num="82" count="4" type="stmt"/>
    </file>
    <file name="dynamik.js" path="C:\Work\dev\nodedev\dynamik\dynamik.js">
      <metrics statements="141" coveredstatements="135" conditionals="117" coveredconditionals="96" methods="47" coveredmethods="44"/>
      <line num="6" count="4" type="stmt"/>
      <line num="7" count="4" type="stmt"/>
      <line num="8" count="4" type="stmt"/>
      <line num="18" count="97" type="cond" truecount="1" falsecount="1"/>
      <line num="19" count="97" type="stmt"/>
      <line num="20" count="97" type="stmt"/>
      <line num="21" count="97" type="stmt"/>
      <line num="22" count="97" type="cond" truecount="2" falsecount="0"/>
      <line num="23" count="97" type="stmt"/>
      <line num="32" count="30" type="stmt"/>
      <line num="33" count="30" type="cond" truecount="2" falsecount="0"/>
      <line num="34" count="30" type="stmt"/>
      <line num="35" count="16" type="cond" truecount="2" falsecount="0"/>
      <line num="36" count="14" type="stmt"/>
      <line num="39" count="35" type="stmt"/>
      <line num="40" count="28" type="stmt"/>
      <line num="53" count="97" type="cond" truecount="4" falsecount="0"/>
      <line num="54" count="97" type="cond" truecount="2" falsecount="0"/>
      <line num="55" count="95" type="stmt"/>
      <line num="56" count="95" type="stmt"/>
      <line num="64" count="30" type="stmt"/>
      <line num="65" count="28" type="stmt"/>
      <line num="66" count="28" type="stmt"/>
      <line num="67" count="28" type="stmt"/>
      <line num="69" count="2" type="stmt"/>
      <line num="70" count="1" type="stmt"/>
      <line num="71" count="24" type="cond" truecount="2" falsecount="0"/>
      <line num="72" count="23" type="stmt"/>
      <line num="73" count="1" type="stmt"/>
      <line num="74" count="0" type="stmt"/>
      <line num="75" count="9" type="cond" truecount="2" falsecount="0"/>
      <line num="76" count="3" type="stmt"/>
      <line num="77" count="1" type="stmt"/>
      <line num="79" count="65" type="stmt"/>
      <line num="80" count="65" type="stmt"/>
      <line num="81" count="65" type="stmt"/>
      <line num="82" count="32" type="cond" truecount="1" falsecount="1"/>
      <line num="83" count="32" type="cond" truecount="2" falsecount="1"/>
      <line num="85" count="0" type="stmt"/>
      <line num="86" count="0" type="stmt"/>
      <line num="88" count="14" type="stmt"/>
      <line num="89" count="14" type="stmt"/>
      <line num="90" count="18" type="stmt"/>
      <line num="93" count="47" type="stmt"/>
      <line num="95" count="1" type="stmt"/>
      <line num="97" count="47" type="stmt"/>
      <line num="98" count="47" type="stmt"/>
      <line num="99" count="34" type="cond" truecount="2" falsecount="0"/>
      <line num="100" count="1" type="stmt"/>
      <line num="102" count="46" type="stmt"/>
      <line num="105" count="0" type="stmt"/>
      <line num="106" count="0" type="stmt"/>
      <line num="107" count="0" type="cond" truecount="0" falsecount="2"/>
      <line num="115" count="20" type="cond" truecount="1" falsecount="1"/>
      <line num="119" count="4" type="stmt"/>
      <line num="120" count="4" type="cond" truecount="2" falsecount="0"/>
      <line num="124" count="2" type="stmt"/>
      <line num="125" count="2" type="cond" truecount="2" falsecount="0"/>
      <line num="129" count="2" type="stmt"/>
      <line num="130" count="2" type="cond" truecount="2" falsecount="0"/>
      <line num="134" count="25" type="stmt"/>
      <line num="135" count="25" type="cond" truecount="2" falsecount="0"/>
      <line num="139" count="7" type="cond" truecount="2" falsecount="0"/>
      <line num="140" count="5" type="stmt"/>
      <line num="141" count="5" type="cond" truecount="2" falsecount="0"/>
      <line num="145" count="2" type="stmt"/>
      <line num="146" count="2" type="cond" truecount="2" falsecount="0"/>
      <line num="150" count="2" type="stmt"/>
      <line num="151" count="2" type="cond" truecount="2" falsecount="0"/>
      <line num="155" count="5" type="stmt"/>
      <line num="156" count="5" type="cond" truecount="2" falsecount="0"/>
      <line num="159" count="4" type="stmt"/>
      <line num="160" count="4" type="cond" truecount="2" falsecount="0"/>
      <line num="163" count="3" type="stmt"/>
      <line num="164" count="3" type="cond" truecount="2" falsecount="0"/>
      <line num="167" count="3" type="stmt"/>
      <line num="168" count="3" type="cond" truecount="2" falsecount="0"/>
      <line num="171" count="1" type="stmt"/>
      <line num="172" count="1" type="cond" truecount="1" falsecount="1"/>
      <line num="178" count="75" type="stmt"/>
      <line num="179" count="75" type="stmt"/>
      <line num="180" count="75" type="stmt"/>
      <line num="183" count="23" type="stmt"/>
      <line num="184" count="23" type="stmt"/>
      <line num="185" count="23" type="cond" truecount="2" falsecount="0"/>
      <line num="186" count="21" type="stmt"/>
      <line num="187" count="21" type="stmt"/>
      <line num="188" count="21" type="cond" truecount="1" falsecount="3"/>
      <line num="189" count="21" type="cond" truecount="1" falsecount="1"/>
      <line num="190" count="21" type="stmt"/>
      <line num="191" count="21" type="stmt"/>
      <line num="192" count="21" type="stmt"/>
      <line num="193" count="21" type="stmt"/>
      <line num="194" count="21" type="stmt"/>
      <line num="195" count="21" type="stmt"/>
      <line num="196" count="21" type="stmt"/>
      <line num="198" count="2" type="stmt"/>
      <line num="201" count="434" type="cond" truecount="2" falsecount="0"/>
      <line num="202" count="424" type="cond" truecount="2" falsecount="0"/>
      <line num="203" count="380" type="stmt"/>
      <line num="205" count="380" type="stmt"/>
      <line num="210" count="4" type="stmt"/>
      <line num="211" count="33" type="stmt"/>
      <line num="212" count="33" type="stmt"/>
      <line num="214" count="33" type="cond" truecount="2" falsecount="0"/>
      <line num="215" count="33" type="cond" truecount="2" falsecount="0"/>
      <line num="216" count="32" type="stmt"/>
      <line num="217" count="32" type="cond" truecount="2" falsecount="0"/>
      <line num="218" count="32" type="stmt"/>
      <line num="219" count="32" type="stmt"/>
      <line num="220" count="32" type="stmt"/>
      <line num="221" count="32" type="stmt"/>
      <line num="225" count="229" type="cond" truecount="2" falsecount="2"/>
      <line num="226" count="229" type="cond" truecount="1" falsecount="3"/>
      <line num="227" count="229" type="cond" truecount="3" falsecount="1"/>
      <line num="228" count="215" type="stmt"/>
      <line num="233" count="261" type="cond" truecount="2" falsecount="0"/>
      <line num="234" count="75" type="cond" truecount="2" falsecount="0"/>
      <line num="236" count="29" type="stmt"/>
      <line num="237" count="85" type="stmt"/>
      <line num="238" count="85" type="cond" truecount="4" falsecount="0"/>
      <line num="239" count="85" type="cond" truecount="2" falsecount="0"/>
      <line num="240" count="85" type="stmt"/>
      <line num="241" count="85" type="stmt"/>
      <line num="242" count="85" type="stmt"/>
      <line num="245" count="75" type="cond" truecount="2" falsecount="0"/>
      <line num="246" count="46" type="stmt"/>
      <line num="247" count="123" type="stmt"/>
      <line num="248" count="123" type="cond" truecount="4" falsecount="0"/>
      <line num="249" count="123" type="cond" truecount="2" falsecount="0"/>
      <line num="250" count="123" type="stmt"/>
      <line num="251" count="123" type="stmt"/>
      <line num="252" count="123" type="stmt"/>
      <line num="258" count="21" type="cond" truecount="2" falsecount="0"/>
      <line num="259" count="21" type="stmt"/>
      <line num="263" count="2" type="cond" truecount="2" falsecount="0"/>
      <line num="264" count="2" type="cond" truecount="1" falsecount="1"/>
      <line num="265" count="2" type="stmt"/>
      <line num="269" count="1" type="cond" truecount="1" falsecount="1"/>
      <line num="270" count="1" type="stmt"/>
      <line num="271" count="1" type="cond" truecount="1" falsecount="1"/>
    </file>
    <file name="utils.js" path="C:\Work\dev\nodedev\dynamik\utils.js">
      <metrics statements="21" coveredstatements="21" conditionals="22" coveredconditionals="21" methods="12" coveredmethods="12"/>
      <line num="2" count="5" type="stmt"/>
      <line num="4" count="34" type="stmt"/>
      <line num="5" count="522" type="stmt"/>
      <line num="6" count="144" type="cond" truecount="4" falsecount="0"/>
      <line num="7" count="802" type="cond" truecount="2" falsecount="0"/>
      <line num="8" count="759" type="stmt"/>
      <line num="10" count="4" type="cond" truecount="4" falsecount="0"/>
      <line num="11" count="2" type="stmt"/>
      <line num="15" count="173" type="cond" truecount="2" falsecount="0"/>
      <line num="16" count="172" type="stmt"/>
      <line num="17" count="172" type="cond" truecount="2" falsecount="0"/>
      <line num="20" count="170" type="stmt"/>
      <line num="24" count="8" type="cond" truecount="4" falsecount="0"/>
      <line num="25" count="1" type="stmt"/>
      <line num="26" count="1" type="stmt"/>
      <line num="27" count="1" type="stmt"/>
      <line num="28" count="1" type="stmt"/>
      <line num="30" count="4" type="stmt"/>
      <line num="34" count="2" type="cond" truecount="1" falsecount="1"/>
      <line num="35" count="2" type="cond" truecount="2" falsecount="0"/>
      <line num="36" count="1" type="stmt"/>
    </file>
  </project>
</coverage>
