{"C:\\Work\\dev\\nodedev\\dynamik\\compiler.js": {"path":"C:\\Work\\dev\\nodedev\\dynamik\\compiler.js","statementMap":{"0":{"start":{"line":5,"column":12},"end":{"line":5,"column":25}},"1":{"start":{"line":8,"column":22},"end":{"line":8,"column":48}},"2":{"start":{"line":9,"column":8},"end":{"line":9,"column":90}},"3":{"start":{"line":9,"column":20},"end":{"line":9,"column":90}},"4":{"start":{"line":11,"column":8},"end":{"line":11,"column":56}},"5":{"start":{"line":12,"column":8},"end":{"line":41,"column":9}},"6":{"start":{"line":48,"column":8},"end":{"line":48,"column":91}},"7":{"start":{"line":48,"column":36},"end":{"line":48,"column":90}},"8":{"start":{"line":49,"column":8},"end":{"line":49,"column":24}},"9":{"start":{"line":59,"column":8},"end":{"line":59,"column":34}},"10":{"start":{"line":59,"column":28},"end":{"line":59,"column":34}},"11":{"start":{"line":62,"column":8},"end":{"line":68,"column":9}},"12":{"start":{"line":63,"column":12},"end":{"line":67,"column":13}},"13":{"start":{"line":63,"column":18},"end":{"line":63,"column":108}},"14":{"start":{"line":65,"column":16},"end":{"line":65,"column":55}},"15":{"start":{"line":66,"column":16},"end":{"line":66,"column":23}},"16":{"start":{"line":70,"column":8},"end":{"line":74,"column":9}},"17":{"start":{"line":71,"column":12},"end":{"line":73,"column":13}},"18":{"start":{"line":72,"column":16},"end":{"line":72,"column":76}},"19":{"start":{"line":76,"column":8},"end":{"line":78,"column":9}},"20":{"start":{"line":77,"column":12},"end":{"line":77,"column":66}},"21":{"start":{"line":80,"column":23},"end":{"line":80,"column":88}},"22":{"start":{"line":80,"column":78},"end":{"line":80,"column":87}},"23":{"start":{"line":81,"column":8},"end":{"line":81,"column":130}},"24":{"start":{"line":81,"column":38},"end":{"line":81,"column":129}},"25":{"start":{"line":81,"column":74},"end":{"line":81,"column":128}},"26":{"start":{"line":92,"column":11},"end":{"line":92,"column":25}},"27":{"start":{"line":93,"column":37},"end":{"line":93,"column":53}},"28":{"start":{"line":95,"column":42},"end":{"line":95,"column":53}},"29":{"start":{"line":100,"column":20},"end":{"line":100,"column":124}},"30":{"start":{"line":101,"column":8},"end":{"line":101,"column":26}},"31":{"start":{"line":102,"column":8},"end":{"line":102,"column":18}},"32":{"start":{"line":113,"column":0},"end":{"line":113,"column":74}},"33":{"start":{"line":116,"column":8},"end":{"line":116,"column":33}},"34":{"start":{"line":117,"column":8},"end":{"line":117,"column":24}},"35":{"start":{"line":120,"column":8},"end":{"line":125,"column":10}},"36":{"start":{"line":126,"column":8},"end":{"line":131,"column":10}},"37":{"start":{"line":132,"column":8},"end":{"line":132,"column":80}},"38":{"start":{"line":133,"column":8},"end":{"line":133,"column":29}},"39":{"start":{"line":134,"column":8},"end":{"line":134,"column":75}},"40":{"start":{"line":134,"column":37},"end":{"line":134,"column":75}},"41":{"start":{"line":137,"column":23},"end":{"line":137,"column":42}},"42":{"start":{"line":138,"column":25},"end":{"line":138,"column":48}},"43":{"start":{"line":139,"column":19},"end":{"line":139,"column":44}},"44":{"start":{"line":140,"column":8},"end":{"line":147,"column":9}},"45":{"start":{"line":141,"column":26},"end":{"line":141,"column":45}},"46":{"start":{"line":142,"column":12},"end":{"line":142,"column":63}},"47":{"start":{"line":142,"column":25},"end":{"line":142,"column":26}},"48":{"start":{"line":142,"column":44},"end":{"line":142,"column":63}},"49":{"start":{"line":143,"column":12},"end":{"line":146,"column":13}},"50":{"start":{"line":144,"column":16},"end":{"line":144,"column":121}},"51":{"start":{"line":145,"column":16},"end":{"line":145,"column":32}},"52":{"start":{"line":148,"column":8},"end":{"line":148,"column":22}},"53":{"start":{"line":149,"column":8},"end":{"line":156,"column":9}},"54":{"start":{"line":150,"column":25},"end":{"line":150,"column":29}},"55":{"start":{"line":151,"column":12},"end":{"line":151,"column":72}},"56":{"start":{"line":152,"column":12},"end":{"line":155,"column":13}},"57":{"start":{"line":153,"column":16},"end":{"line":153,"column":155}},"58":{"start":{"line":154,"column":16},"end":{"line":154,"column":32}},"59":{"start":{"line":157,"column":8},"end":{"line":157,"column":19}},"60":{"start":{"line":162,"column":0},"end":{"line":162,"column":31}},"61":{"start":{"line":165,"column":8},"end":{"line":165,"column":36}},"62":{"start":{"line":167,"column":42},"end":{"line":167,"column":97}},"63":{"start":{"line":169,"column":8},"end":{"line":169,"column":105}},"64":{"start":{"line":174,"column":18},"end":{"line":174,"column":27}},"65":{"start":{"line":176,"column":8},"end":{"line":176,"column":39}},"66":{"start":{"line":177,"column":19},"end":{"line":177,"column":27}},"67":{"start":{"line":178,"column":8},"end":{"line":180,"column":9}},"68":{"start":{"line":179,"column":12},"end":{"line":179,"column":56}},"69":{"start":{"line":183,"column":27},"end":{"line":183,"column":44}},"70":{"start":{"line":184,"column":8},"end":{"line":188,"column":9}},"71":{"start":{"line":185,"column":12},"end":{"line":187,"column":13}},"72":{"start":{"line":186,"column":16},"end":{"line":186,"column":55}},"73":{"start":{"line":189,"column":8},"end":{"line":189,"column":65}},"74":{"start":{"line":189,"column":26},"end":{"line":189,"column":65}},"75":{"start":{"line":190,"column":8},"end":{"line":190,"column":131}},"76":{"start":{"line":190,"column":33},"end":{"line":190,"column":131}},"77":{"start":{"line":190,"column":89},"end":{"line":190,"column":130}},"78":{"start":{"line":191,"column":8},"end":{"line":191,"column":132}},"79":{"start":{"line":191,"column":34},"end":{"line":191,"column":132}},"80":{"start":{"line":191,"column":90},"end":{"line":191,"column":131}},"81":{"start":{"line":192,"column":8},"end":{"line":192,"column":132}},"82":{"start":{"line":192,"column":34},"end":{"line":192,"column":132}},"83":{"start":{"line":192,"column":90},"end":{"line":192,"column":131}},"84":{"start":{"line":195,"column":8},"end":{"line":195,"column":85}},"85":{"start":{"line":195,"column":43},"end":{"line":195,"column":85}},"86":{"start":{"line":196,"column":8},"end":{"line":196,"column":24}},"87":{"start":{"line":199,"column":8},"end":{"line":205,"column":9}},"88":{"start":{"line":200,"column":28},"end":{"line":200,"column":56}},"89":{"start":{"line":201,"column":12},"end":{"line":201,"column":92}},"90":{"start":{"line":201,"column":33},"end":{"line":201,"column":92}},"91":{"start":{"line":202,"column":28},"end":{"line":202,"column":54}},"92":{"start":{"line":203,"column":12},"end":{"line":203,"column":90}},"93":{"start":{"line":203,"column":55},"end":{"line":203,"column":89}},"94":{"start":{"line":204,"column":12},"end":{"line":204,"column":26}},"95":{"start":{"line":206,"column":8},"end":{"line":206,"column":21}},"96":{"start":{"line":210,"column":0},"end":{"line":210,"column":41}},"97":{"start":{"line":212,"column":20},"end":{"line":212,"column":45}},"98":{"start":{"line":213,"column":42},"end":{"line":213,"column":69}},"99":{"start":{"line":215,"column":22},"end":{"line":215,"column":84}},"100":{"start":{"line":216,"column":8},"end":{"line":228,"column":9}},"101":{"start":{"line":218,"column":16},"end":{"line":218,"column":39}},"102":{"start":{"line":219,"column":16},"end":{"line":219,"column":57}},"103":{"start":{"line":220,"column":16},"end":{"line":220,"column":21}},"104":{"start":{"line":222,"column":16},"end":{"line":222,"column":114}},"105":{"start":{"line":222,"column":45},"end":{"line":222,"column":114}},"106":{"start":{"line":223,"column":16},"end":{"line":223,"column":70}},"107":{"start":{"line":223,"column":47},"end":{"line":223,"column":59}},"108":{"start":{"line":224,"column":16},"end":{"line":224,"column":39}},"109":{"start":{"line":225,"column":16},"end":{"line":225,"column":21}},"110":{"start":{"line":227,"column":16},"end":{"line":227,"column":92}},"111":{"start":{"line":232,"column":0},"end":{"line":232,"column":46}},"112":{"start":{"line":234,"column":20},"end":{"line":234,"column":45}},"113":{"start":{"line":235,"column":42},"end":{"line":235,"column":71}},"114":{"start":{"line":237,"column":8},"end":{"line":237,"column":31}},"115":{"start":{"line":238,"column":8},"end":{"line":238,"column":36}},"116":{"start":{"line":239,"column":8},"end":{"line":247,"column":9}},"117":{"start":{"line":241,"column":16},"end":{"line":241,"column":42}},"118":{"start":{"line":242,"column":16},"end":{"line":242,"column":21}},"119":{"start":{"line":244,"column":16},"end":{"line":244,"column":59}},"120":{"start":{"line":244,"column":54},"end":{"line":244,"column":58}},"121":{"start":{"line":245,"column":16},"end":{"line":245,"column":38}},"122":{"start":{"line":246,"column":16},"end":{"line":246,"column":21}},"123":{"start":{"line":255,"column":8},"end":{"line":255,"column":104}},"124":{"start":{"line":255,"column":92},"end":{"line":255,"column":104}},"125":{"start":{"line":256,"column":24},"end":{"line":256,"column":99}},"126":{"start":{"line":256,"column":97},"end":{"line":256,"column":98}},"127":{"start":{"line":257,"column":28},"end":{"line":257,"column":88}},"128":{"start":{"line":257,"column":47},"end":{"line":257,"column":87}},"129":{"start":{"line":257,"column":69},"end":{"line":257,"column":86}},"130":{"start":{"line":258,"column":8},"end":{"line":258,"column":52}},"131":{"start":{"line":258,"column":44},"end":{"line":258,"column":51}},"132":{"start":{"line":268,"column":8},"end":{"line":273,"column":9}},"133":{"start":{"line":270,"column":46},"end":{"line":270,"column":60}},"134":{"start":{"line":271,"column":46},"end":{"line":271,"column":60}},"135":{"start":{"line":272,"column":16},"end":{"line":272,"column":27}},"136":{"start":{"line":274,"column":8},"end":{"line":274,"column":20}},"137":{"start":{"line":279,"column":0},"end":{"line":279,"column":29}},"138":{"start":{"line":281,"column":20},"end":{"line":281,"column":46}},"139":{"start":{"line":282,"column":42},"end":{"line":282,"column":63}},"140":{"start":{"line":284,"column":8},"end":{"line":284,"column":55}},"141":{"start":{"line":288,"column":0},"end":{"line":288,"column":29}},"142":{"start":{"line":290,"column":20},"end":{"line":290,"column":46}},"143":{"start":{"line":291,"column":42},"end":{"line":291,"column":113}},"144":{"start":{"line":293,"column":27},"end":{"line":293,"column":44}},"145":{"start":{"line":294,"column":25},"end":{"line":294,"column":34}},"146":{"start":{"line":295,"column":23},"end":{"line":295,"column":32}},"147":{"start":{"line":297,"column":23},"end":{"line":297,"column":24}},"148":{"start":{"line":298,"column":23},"end":{"line":307,"column":10}},"149":{"start":{"line":300,"column":12},"end":{"line":300,"column":90}},"150":{"start":{"line":300,"column":57},"end":{"line":300,"column":90}},"151":{"start":{"line":301,"column":27},"end":{"line":301,"column":75}},"152":{"start":{"line":303,"column":12},"end":{"line":303,"column":100}},"153":{"start":{"line":303,"column":63},"end":{"line":303,"column":100}},"154":{"start":{"line":304,"column":29},"end":{"line":304,"column":83}},"155":{"start":{"line":306,"column":12},"end":{"line":306,"column":128}},"156":{"start":{"line":309,"column":8},"end":{"line":312,"column":10}},"157":{"start":{"line":310,"column":25},"end":{"line":310,"column":118}},"158":{"start":{"line":311,"column":12},"end":{"line":311,"column":66}},"159":{"start":{"line":313,"column":8},"end":{"line":313,"column":30}},"160":{"start":{"line":318,"column":0},"end":{"line":318,"column":156}},"161":{"start":{"line":320,"column":19},"end":{"line":320,"column":20}},"162":{"start":{"line":321,"column":19},"end":{"line":321,"column":47}},"163":{"start":{"line":324,"column":8},"end":{"line":324,"column":41}},"164":{"start":{"line":325,"column":8},"end":{"line":325,"column":28}},"165":{"start":{"line":326,"column":8},"end":{"line":326,"column":67}},"166":{"start":{"line":329,"column":8},"end":{"line":329,"column":80}},"167":{"start":{"line":333,"column":27},"end":{"line":333,"column":46}},"168":{"start":{"line":334,"column":8},"end":{"line":336,"column":9}},"169":{"start":{"line":335,"column":12},"end":{"line":335,"column":82}},"170":{"start":{"line":341,"column":21},"end":{"line":349,"column":22}},"171":{"start":{"line":350,"column":8},"end":{"line":356,"column":9}},"172":{"start":{"line":351,"column":12},"end":{"line":351,"column":47}},"173":{"start":{"line":352,"column":12},"end":{"line":352,"column":61}},"174":{"start":{"line":353,"column":12},"end":{"line":353,"column":44}},"175":{"start":{"line":355,"column":12},"end":{"line":355,"column":137}},"176":{"start":{"line":357,"column":8},"end":{"line":357,"column":23}},"177":{"start":{"line":361,"column":8},"end":{"line":381,"column":9}},"178":{"start":{"line":362,"column":12},"end":{"line":362,"column":74}},"179":{"start":{"line":362,"column":51},"end":{"line":362,"column":55}},"180":{"start":{"line":362,"column":64},"end":{"line":362,"column":74}},"181":{"start":{"line":363,"column":15},"end":{"line":381,"column":9}},"182":{"start":{"line":364,"column":25},"end":{"line":373,"column":32}},"183":{"start":{"line":374,"column":12},"end":{"line":380,"column":13}},"184":{"start":{"line":375,"column":16},"end":{"line":375,"column":51}},"185":{"start":{"line":376,"column":16},"end":{"line":376,"column":65}},"186":{"start":{"line":377,"column":16},"end":{"line":377,"column":48}},"187":{"start":{"line":379,"column":16},"end":{"line":379,"column":141}},"188":{"start":{"line":382,"column":8},"end":{"line":382,"column":23}},"189":{"start":{"line":385,"column":23},"end":{"line":385,"column":32}},"190":{"start":{"line":386,"column":19},"end":{"line":386,"column":32}},"191":{"start":{"line":387,"column":8},"end":{"line":399,"column":9}},"192":{"start":{"line":389,"column":16},"end":{"line":389,"column":70}},"193":{"start":{"line":390,"column":16},"end":{"line":390,"column":21}},"194":{"start":{"line":392,"column":16},"end":{"line":392,"column":49}},"195":{"start":{"line":393,"column":16},"end":{"line":393,"column":21}},"196":{"start":{"line":395,"column":30},"end":{"line":395,"column":94}},"197":{"start":{"line":395,"column":58},"end":{"line":395,"column":93}},"198":{"start":{"line":396,"column":16},"end":{"line":396,"column":93}},"199":{"start":{"line":396,"column":65},"end":{"line":396,"column":74}},"200":{"start":{"line":397,"column":16},"end":{"line":397,"column":40}},"201":{"start":{"line":398,"column":16},"end":{"line":398,"column":21}},"202":{"start":{"line":400,"column":21},"end":{"line":407,"column":28}},"203":{"start":{"line":408,"column":8},"end":{"line":415,"column":9}},"204":{"start":{"line":409,"column":12},"end":{"line":409,"column":102}},"205":{"start":{"line":409,"column":43},"end":{"line":409,"column":102}},"206":{"start":{"line":409,"column":72},"end":{"line":409,"column":101}},"207":{"start":{"line":410,"column":12},"end":{"line":410,"column":82}},"208":{"start":{"line":410,"column":47},"end":{"line":410,"column":82}},"209":{"start":{"line":411,"column":12},"end":{"line":411,"column":61}},"210":{"start":{"line":412,"column":12},"end":{"line":412,"column":44}},"211":{"start":{"line":414,"column":12},"end":{"line":414,"column":116}},"212":{"start":{"line":416,"column":8},"end":{"line":416,"column":23}},"213":{"start":{"line":420,"column":8},"end":{"line":426,"column":9}},"214":{"start":{"line":421,"column":28},"end":{"line":421,"column":38}},"215":{"start":{"line":422,"column":28},"end":{"line":422,"column":50}},"216":{"start":{"line":423,"column":12},"end":{"line":425,"column":13}},"217":{"start":{"line":424,"column":16},"end":{"line":424,"column":54}},"218":{"start":{"line":431,"column":0},"end":{"line":431,"column":32}},"219":{"start":{"line":433,"column":20},"end":{"line":433,"column":49}},"220":{"start":{"line":434,"column":42},"end":{"line":434,"column":73}},"221":{"start":{"line":436,"column":8},"end":{"line":436,"column":54}}},"fnMap":{"0":{"name":"(anonymous_0)","decl":{"start":{"line":7,"column":4},"end":{"line":7,"column":5}},"loc":{"start":{"line":7,"column":24},"end":{"line":42,"column":5}},"line":7},"1":{"name":"(anonymous_1)","decl":{"start":{"line":47,"column":4},"end":{"line":47,"column":5}},"loc":{"start":{"line":47,"column":14},"end":{"line":50,"column":5}},"line":47},"2":{"name":"(anonymous_2)","decl":{"start":{"line":48,"column":28},"end":{"line":48,"column":29}},"loc":{"start":{"line":48,"column":36},"end":{"line":48,"column":90}},"line":48},"3":{"name":"(anonymous_3)","decl":{"start":{"line":58,"column":4},"end":{"line":58,"column":5}},"loc":{"start":{"line":58,"column":48},"end":{"line":82,"column":5}},"line":58},"4":{"name":"(anonymous_4)","decl":{"start":{"line":80,"column":73},"end":{"line":80,"column":74}},"loc":{"start":{"line":80,"column":78},"end":{"line":80,"column":87}},"line":80},"5":{"name":"(anonymous_5)","decl":{"start":{"line":81,"column":23},"end":{"line":81,"column":24}},"loc":{"start":{"line":81,"column":38},"end":{"line":81,"column":129}},"line":81},"6":{"name":"(anonymous_6)","decl":{"start":{"line":81,"column":58},"end":{"line":81,"column":59}},"loc":{"start":{"line":81,"column":74},"end":{"line":81,"column":128}},"line":81},"7":{"name":"(anonymous_7)","decl":{"start":{"line":93,"column":4},"end":{"line":93,"column":5}},"loc":{"start":{"line":93,"column":35},"end":{"line":93,"column":55}},"line":93},"8":{"name":"(anonymous_8)","decl":{"start":{"line":95,"column":4},"end":{"line":95,"column":5}},"loc":{"start":{"line":95,"column":40},"end":{"line":95,"column":55}},"line":95},"9":{"name":"(anonymous_9)","decl":{"start":{"line":97,"column":4},"end":{"line":97,"column":5}},"loc":{"start":{"line":97,"column":36},"end":{"line":97,"column":58}},"line":97},"10":{"name":"(anonymous_10)","decl":{"start":{"line":99,"column":4},"end":{"line":99,"column":5}},"loc":{"start":{"line":99,"column":25},"end":{"line":103,"column":5}},"line":99},"11":{"name":"(anonymous_11)","decl":{"start":{"line":115,"column":4},"end":{"line":115,"column":5}},"loc":{"start":{"line":115,"column":22},"end":{"line":118,"column":5}},"line":115},"12":{"name":"(anonymous_12)","decl":{"start":{"line":119,"column":4},"end":{"line":119,"column":5}},"loc":{"start":{"line":119,"column":36},"end":{"line":135,"column":5}},"line":119},"13":{"name":"(anonymous_13)","decl":{"start":{"line":134,"column":24},"end":{"line":134,"column":25}},"loc":{"start":{"line":134,"column":37},"end":{"line":134,"column":75}},"line":134},"14":{"name":"(anonymous_14)","decl":{"start":{"line":136,"column":4},"end":{"line":136,"column":5}},"loc":{"start":{"line":136,"column":34},"end":{"line":158,"column":5}},"line":136},"15":{"name":"(anonymous_15)","decl":{"start":{"line":164,"column":4},"end":{"line":164,"column":5}},"loc":{"start":{"line":164,"column":18},"end":{"line":166,"column":5}},"line":164},"16":{"name":"(anonymous_16)","decl":{"start":{"line":167,"column":4},"end":{"line":167,"column":5}},"loc":{"start":{"line":167,"column":40},"end":{"line":167,"column":99}},"line":167},"17":{"name":"(anonymous_17)","decl":{"start":{"line":168,"column":4},"end":{"line":168,"column":5}},"loc":{"start":{"line":168,"column":36},"end":{"line":170,"column":5}},"line":168},"18":{"name":"(anonymous_18)","decl":{"start":{"line":175,"column":4},"end":{"line":175,"column":5}},"loc":{"start":{"line":175,"column":27},"end":{"line":181,"column":5}},"line":175},"19":{"name":"(anonymous_19)","decl":{"start":{"line":182,"column":4},"end":{"line":182,"column":5}},"loc":{"start":{"line":182,"column":36},"end":{"line":193,"column":5}},"line":182},"20":{"name":"(anonymous_20)","decl":{"start":{"line":190,"column":77},"end":{"line":190,"column":78}},"loc":{"start":{"line":190,"column":89},"end":{"line":190,"column":130}},"line":190},"21":{"name":"(anonymous_21)","decl":{"start":{"line":191,"column":78},"end":{"line":191,"column":79}},"loc":{"start":{"line":191,"column":90},"end":{"line":191,"column":131}},"line":191},"22":{"name":"(anonymous_22)","decl":{"start":{"line":192,"column":78},"end":{"line":192,"column":79}},"loc":{"start":{"line":192,"column":90},"end":{"line":192,"column":131}},"line":192},"23":{"name":"(anonymous_23)","decl":{"start":{"line":194,"column":4},"end":{"line":194,"column":5}},"loc":{"start":{"line":194,"column":24},"end":{"line":197,"column":5}},"line":194},"24":{"name":"(anonymous_24)","decl":{"start":{"line":198,"column":4},"end":{"line":198,"column":5}},"loc":{"start":{"line":198,"column":18},"end":{"line":207,"column":5}},"line":198},"25":{"name":"(anonymous_25)","decl":{"start":{"line":203,"column":43},"end":{"line":203,"column":44}},"loc":{"start":{"line":203,"column":55},"end":{"line":203,"column":89}},"line":203},"26":{"name":"(anonymous_26)","decl":{"start":{"line":212,"column":4},"end":{"line":212,"column":5}},"loc":{"start":{"line":212,"column":18},"end":{"line":212,"column":47}},"line":212},"27":{"name":"(anonymous_27)","decl":{"start":{"line":213,"column":4},"end":{"line":213,"column":5}},"loc":{"start":{"line":213,"column":40},"end":{"line":213,"column":71}},"line":213},"28":{"name":"(anonymous_28)","decl":{"start":{"line":214,"column":4},"end":{"line":214,"column":5}},"loc":{"start":{"line":214,"column":36},"end":{"line":229,"column":5}},"line":214},"29":{"name":"(anonymous_29)","decl":{"start":{"line":223,"column":42},"end":{"line":223,"column":43}},"loc":{"start":{"line":223,"column":47},"end":{"line":223,"column":59}},"line":223},"30":{"name":"(anonymous_30)","decl":{"start":{"line":234,"column":4},"end":{"line":234,"column":5}},"loc":{"start":{"line":234,"column":18},"end":{"line":234,"column":47}},"line":234},"31":{"name":"(anonymous_31)","decl":{"start":{"line":235,"column":4},"end":{"line":235,"column":5}},"loc":{"start":{"line":235,"column":40},"end":{"line":235,"column":73}},"line":235},"32":{"name":"(anonymous_32)","decl":{"start":{"line":236,"column":4},"end":{"line":236,"column":5}},"loc":{"start":{"line":236,"column":36},"end":{"line":248,"column":5}},"line":236},"33":{"name":"(anonymous_33)","decl":{"start":{"line":244,"column":48},"end":{"line":244,"column":49}},"loc":{"start":{"line":244,"column":54},"end":{"line":244,"column":58}},"line":244},"34":{"name":"(anonymous_34)","decl":{"start":{"line":254,"column":4},"end":{"line":254,"column":5}},"loc":{"start":{"line":254,"column":26},"end":{"line":259,"column":5}},"line":254},"35":{"name":"(anonymous_35)","decl":{"start":{"line":256,"column":92},"end":{"line":256,"column":93}},"loc":{"start":{"line":256,"column":97},"end":{"line":256,"column":98}},"line":256},"36":{"name":"(anonymous_36)","decl":{"start":{"line":257,"column":40},"end":{"line":257,"column":41}},"loc":{"start":{"line":257,"column":47},"end":{"line":257,"column":87}},"line":257},"37":{"name":"(anonymous_37)","decl":{"start":{"line":257,"column":57},"end":{"line":257,"column":58}},"loc":{"start":{"line":257,"column":69},"end":{"line":257,"column":86}},"line":257},"38":{"name":"(anonymous_38)","decl":{"start":{"line":258,"column":33},"end":{"line":258,"column":34}},"loc":{"start":{"line":258,"column":44},"end":{"line":258,"column":51}},"line":258},"39":{"name":"(anonymous_39)","decl":{"start":{"line":267,"column":4},"end":{"line":267,"column":5}},"loc":{"start":{"line":267,"column":19},"end":{"line":275,"column":5}},"line":267},"40":{"name":"(anonymous_40)","decl":{"start":{"line":270,"column":37},"end":{"line":270,"column":38}},"loc":{"start":{"line":270,"column":46},"end":{"line":270,"column":60}},"line":270},"41":{"name":"(anonymous_41)","decl":{"start":{"line":271,"column":37},"end":{"line":271,"column":38}},"loc":{"start":{"line":271,"column":46},"end":{"line":271,"column":60}},"line":271},"42":{"name":"(anonymous_42)","decl":{"start":{"line":281,"column":4},"end":{"line":281,"column":5}},"loc":{"start":{"line":281,"column":18},"end":{"line":281,"column":48}},"line":281},"43":{"name":"(anonymous_43)","decl":{"start":{"line":282,"column":4},"end":{"line":282,"column":5}},"loc":{"start":{"line":282,"column":40},"end":{"line":282,"column":65}},"line":282},"44":{"name":"(anonymous_44)","decl":{"start":{"line":283,"column":4},"end":{"line":283,"column":5}},"loc":{"start":{"line":283,"column":36},"end":{"line":285,"column":5}},"line":283},"45":{"name":"(anonymous_45)","decl":{"start":{"line":290,"column":4},"end":{"line":290,"column":5}},"loc":{"start":{"line":290,"column":18},"end":{"line":290,"column":48}},"line":290},"46":{"name":"(anonymous_46)","decl":{"start":{"line":291,"column":4},"end":{"line":291,"column":5}},"loc":{"start":{"line":291,"column":40},"end":{"line":291,"column":115}},"line":291},"47":{"name":"(anonymous_47)","decl":{"start":{"line":292,"column":4},"end":{"line":292,"column":5}},"loc":{"start":{"line":292,"column":36},"end":{"line":314,"column":5}},"line":292},"48":{"name":"(anonymous_48)","decl":{"start":{"line":298,"column":54},"end":{"line":298,"column":55}},"loc":{"start":{"line":298,"column":79},"end":{"line":307,"column":9}},"line":298},"49":{"name":"(anonymous_49)","decl":{"start":{"line":309,"column":20},"end":{"line":309,"column":21}},"loc":{"start":{"line":309,"column":32},"end":{"line":312,"column":9}},"line":309},"50":{"name":"(anonymous_50)","decl":{"start":{"line":323,"column":4},"end":{"line":323,"column":5}},"loc":{"start":{"line":323,"column":30},"end":{"line":327,"column":5}},"line":323},"51":{"name":"(anonymous_51)","decl":{"start":{"line":328,"column":4},"end":{"line":328,"column":5}},"loc":{"start":{"line":328,"column":40},"end":{"line":330,"column":5}},"line":328},"52":{"name":"(anonymous_52)","decl":{"start":{"line":332,"column":4},"end":{"line":332,"column":5}},"loc":{"start":{"line":332,"column":36},"end":{"line":337,"column":5}},"line":332},"53":{"name":"(anonymous_53)","decl":{"start":{"line":339,"column":4},"end":{"line":339,"column":5}},"loc":{"start":{"line":339,"column":39},"end":{"line":358,"column":5}},"line":339},"54":{"name":"(anonymous_54)","decl":{"start":{"line":359,"column":4},"end":{"line":359,"column":5}},"loc":{"start":{"line":359,"column":40},"end":{"line":383,"column":5}},"line":359},"55":{"name":"(anonymous_55)","decl":{"start":{"line":362,"column":45},"end":{"line":362,"column":46}},"loc":{"start":{"line":362,"column":51},"end":{"line":362,"column":55}},"line":362},"56":{"name":"(anonymous_56)","decl":{"start":{"line":362,"column":58},"end":{"line":362,"column":59}},"loc":{"start":{"line":362,"column":64},"end":{"line":362,"column":74}},"line":362},"57":{"name":"(anonymous_57)","decl":{"start":{"line":384,"column":4},"end":{"line":384,"column":5}},"loc":{"start":{"line":384,"column":36},"end":{"line":417,"column":5}},"line":384},"58":{"name":"(anonymous_58)","decl":{"start":{"line":395,"column":45},"end":{"line":395,"column":46}},"loc":{"start":{"line":395,"column":58},"end":{"line":395,"column":93}},"line":395},"59":{"name":"(anonymous_59)","decl":{"start":{"line":396,"column":54},"end":{"line":396,"column":55}},"loc":{"start":{"line":396,"column":65},"end":{"line":396,"column":74}},"line":396},"60":{"name":"(anonymous_60)","decl":{"start":{"line":409,"column":62},"end":{"line":409,"column":63}},"loc":{"start":{"line":409,"column":72},"end":{"line":409,"column":101}},"line":409},"61":{"name":"(anonymous_61)","decl":{"start":{"line":418,"column":4},"end":{"line":418,"column":5}},"loc":{"start":{"line":418,"column":29},"end":{"line":427,"column":5}},"line":418},"62":{"name":"(anonymous_62)","decl":{"start":{"line":433,"column":4},"end":{"line":433,"column":5}},"loc":{"start":{"line":433,"column":18},"end":{"line":433,"column":51}},"line":433},"63":{"name":"(anonymous_63)","decl":{"start":{"line":434,"column":4},"end":{"line":434,"column":5}},"loc":{"start":{"line":434,"column":40},"end":{"line":434,"column":75}},"line":434},"64":{"name":"(anonymous_64)","decl":{"start":{"line":435,"column":4},"end":{"line":435,"column":5}},"loc":{"start":{"line":435,"column":36},"end":{"line":437,"column":5}},"line":435}},"branchMap":{"0":{"loc":{"start":{"line":9,"column":8},"end":{"line":9,"column":90}},"type":"if","locations":[{"start":{"line":9,"column":8},"end":{"line":9,"column":90}},{"start":{},"end":{}}],"line":9},"1":{"loc":{"start":{"line":11,"column":20},"end":{"line":11,"column":56}},"type":"cond-expr","locations":[{"start":{"line":11,"column":39},"end":{"line":11,"column":51}},{"start":{"line":11,"column":54},"end":{"line":11,"column":56}}],"line":11},"2":{"loc":{"start":{"line":59,"column":8},"end":{"line":59,"column":34}},"type":"if","locations":[{"start":{"line":59,"column":8},"end":{"line":59,"column":34}},{"start":{},"end":{}}],"line":59},"3":{"loc":{"start":{"line":63,"column":18},"end":{"line":63,"column":108}},"type":"binary-expr","locations":[{"start":{"line":63,"column":18},"end":{"line":63,"column":24}},{"start":{"line":63,"column":28},"end":{"line":63,"column":68}},{"start":{"line":63,"column":72},"end":{"line":63,"column":108}}],"line":63},"4":{"loc":{"start":{"line":70,"column":8},"end":{"line":74,"column":9}},"type":"if","locations":[{"start":{"line":70,"column":8},"end":{"line":74,"column":9}},{"start":{},"end":{}}],"line":70},"5":{"loc":{"start":{"line":76,"column":8},"end":{"line":78,"column":9}},"type":"if","locations":[{"start":{"line":76,"column":8},"end":{"line":78,"column":9}},{"start":{},"end":{}}],"line":76},"6":{"loc":{"start":{"line":93,"column":16},"end":{"line":93,"column":33}},"type":"default-arg","locations":[{"start":{"line":93,"column":23},"end":{"line":93,"column":33}}],"line":93},"7":{"loc":{"start":{"line":132,"column":26},"end":{"line":132,"column":80}},"type":"cond-expr","locations":[{"start":{"line":132,"column":43},"end":{"line":132,"column":45}},{"start":{"line":132,"column":48},"end":{"line":132,"column":80}}],"line":132},"8":{"loc":{"start":{"line":139,"column":19},"end":{"line":139,"column":44}},"type":"cond-expr","locations":[{"start":{"line":139,"column":30},"end":{"line":139,"column":37}},{"start":{"line":139,"column":40},"end":{"line":139,"column":44}}],"line":139},"9":{"loc":{"start":{"line":140,"column":8},"end":{"line":147,"column":9}},"type":"if","locations":[{"start":{"line":140,"column":8},"end":{"line":147,"column":9}},{"start":{},"end":{}}],"line":140},"10":{"loc":{"start":{"line":143,"column":12},"end":{"line":146,"column":13}},"type":"if","locations":[{"start":{"line":143,"column":12},"end":{"line":146,"column":13}},{"start":{},"end":{}}],"line":143},"11":{"loc":{"start":{"line":151,"column":19},"end":{"line":151,"column":72}},"type":"cond-expr","locations":[{"start":{"line":151,"column":37},"end":{"line":151,"column":47}},{"start":{"line":151,"column":50},"end":{"line":151,"column":72}}],"line":151},"12":{"loc":{"start":{"line":152,"column":12},"end":{"line":155,"column":13}},"type":"if","locations":[{"start":{"line":152,"column":12},"end":{"line":155,"column":13}},{"start":{},"end":{}}],"line":152},"13":{"loc":{"start":{"line":167,"column":49},"end":{"line":167,"column":97}},"type":"binary-expr","locations":[{"start":{"line":167,"column":49},"end":{"line":167,"column":72}},{"start":{"line":167,"column":76},"end":{"line":167,"column":97}}],"line":167},"14":{"loc":{"start":{"line":169,"column":26},"end":{"line":169,"column":105}},"type":"cond-expr","locations":[{"start":{"line":169,"column":93},"end":{"line":169,"column":98}},{"start":{"line":169,"column":101},"end":{"line":169,"column":105}}],"line":169},"15":{"loc":{"start":{"line":169,"column":27},"end":{"line":169,"column":89}},"type":"binary-expr","locations":[{"start":{"line":169,"column":27},"end":{"line":169,"column":45}},{"start":{"line":169,"column":49},"end":{"line":169,"column":67}},{"start":{"line":169,"column":71},"end":{"line":169,"column":89}}],"line":169},"16":{"loc":{"start":{"line":175,"column":16},"end":{"line":175,"column":25}},"type":"default-arg","locations":[{"start":{"line":175,"column":23},"end":{"line":175,"column":25}}],"line":175},"17":{"loc":{"start":{"line":178,"column":44},"end":{"line":178,"column":60}},"type":"binary-expr","locations":[{"start":{"line":178,"column":44},"end":{"line":178,"column":54}},{"start":{"line":178,"column":58},"end":{"line":178,"column":60}}],"line":178},"18":{"loc":{"start":{"line":184,"column":8},"end":{"line":188,"column":9}},"type":"if","locations":[{"start":{"line":184,"column":8},"end":{"line":188,"column":9}},{"start":{},"end":{}}],"line":184},"19":{"loc":{"start":{"line":189,"column":8},"end":{"line":189,"column":65}},"type":"if","locations":[{"start":{"line":189,"column":8},"end":{"line":189,"column":65}},{"start":{},"end":{}}],"line":189},"20":{"loc":{"start":{"line":190,"column":8},"end":{"line":190,"column":131}},"type":"if","locations":[{"start":{"line":190,"column":8},"end":{"line":190,"column":131}},{"start":{},"end":{}}],"line":190},"21":{"loc":{"start":{"line":190,"column":89},"end":{"line":190,"column":130}},"type":"cond-expr","locations":[{"start":{"line":190,"column":103},"end":{"line":190,"column":121}},{"start":{"line":190,"column":124},"end":{"line":190,"column":130}}],"line":190},"22":{"loc":{"start":{"line":191,"column":8},"end":{"line":191,"column":132}},"type":"if","locations":[{"start":{"line":191,"column":8},"end":{"line":191,"column":132}},{"start":{},"end":{}}],"line":191},"23":{"loc":{"start":{"line":191,"column":90},"end":{"line":191,"column":131}},"type":"cond-expr","locations":[{"start":{"line":191,"column":104},"end":{"line":191,"column":122}},{"start":{"line":191,"column":125},"end":{"line":191,"column":131}}],"line":191},"24":{"loc":{"start":{"line":192,"column":8},"end":{"line":192,"column":132}},"type":"if","locations":[{"start":{"line":192,"column":8},"end":{"line":192,"column":132}},{"start":{},"end":{}}],"line":192},"25":{"loc":{"start":{"line":192,"column":90},"end":{"line":192,"column":131}},"type":"cond-expr","locations":[{"start":{"line":192,"column":104},"end":{"line":192,"column":122}},{"start":{"line":192,"column":125},"end":{"line":192,"column":131}}],"line":192},"26":{"loc":{"start":{"line":195,"column":8},"end":{"line":195,"column":85}},"type":"if","locations":[{"start":{"line":195,"column":8},"end":{"line":195,"column":85}},{"start":{},"end":{}}],"line":195},"27":{"loc":{"start":{"line":199,"column":8},"end":{"line":205,"column":9}},"type":"if","locations":[{"start":{"line":199,"column":8},"end":{"line":205,"column":9}},{"start":{},"end":{}}],"line":199},"28":{"loc":{"start":{"line":201,"column":12},"end":{"line":201,"column":92}},"type":"if","locations":[{"start":{"line":201,"column":12},"end":{"line":201,"column":92}},{"start":{},"end":{}}],"line":201},"29":{"loc":{"start":{"line":203,"column":55},"end":{"line":203,"column":89}},"type":"binary-expr","locations":[{"start":{"line":203,"column":56},"end":{"line":203,"column":68}},{"start":{"line":203,"column":74},"end":{"line":203,"column":88}}],"line":203},"30":{"loc":{"start":{"line":215,"column":22},"end":{"line":215,"column":84}},"type":"cond-expr","locations":[{"start":{"line":215,"column":45},"end":{"line":215,"column":56}},{"start":{"line":215,"column":59},"end":{"line":215,"column":84}}],"line":215},"31":{"loc":{"start":{"line":215,"column":60},"end":{"line":215,"column":83}},"type":"binary-expr","locations":[{"start":{"line":215,"column":60},"end":{"line":215,"column":71}},{"start":{"line":215,"column":75},"end":{"line":215,"column":83}}],"line":215},"32":{"loc":{"start":{"line":216,"column":8},"end":{"line":228,"column":9}},"type":"switch","locations":[{"start":{"line":217,"column":12},"end":{"line":220,"column":21}},{"start":{"line":221,"column":12},"end":{"line":225,"column":21}},{"start":{"line":226,"column":12},"end":{"line":227,"column":92}}],"line":216},"33":{"loc":{"start":{"line":222,"column":16},"end":{"line":222,"column":114}},"type":"if","locations":[{"start":{"line":222,"column":16},"end":{"line":222,"column":114}},{"start":{},"end":{}}],"line":222},"34":{"loc":{"start":{"line":223,"column":31},"end":{"line":223,"column":70}},"type":"binary-expr","locations":[{"start":{"line":223,"column":31},"end":{"line":223,"column":60}},{"start":{"line":223,"column":64},"end":{"line":223,"column":70}}],"line":223},"35":{"loc":{"start":{"line":239,"column":8},"end":{"line":247,"column":9}},"type":"switch","locations":[{"start":{"line":240,"column":12},"end":{"line":242,"column":21}},{"start":{"line":243,"column":12},"end":{"line":246,"column":21}}],"line":239},"36":{"loc":{"start":{"line":244,"column":31},"end":{"line":244,"column":59}},"type":"binary-expr","locations":[{"start":{"line":244,"column":31},"end":{"line":244,"column":43}},{"start":{"line":244,"column":48},"end":{"line":244,"column":58}}],"line":244},"37":{"loc":{"start":{"line":255,"column":8},"end":{"line":255,"column":104}},"type":"if","locations":[{"start":{"line":255,"column":8},"end":{"line":255,"column":104}},{"start":{},"end":{}}],"line":255},"38":{"loc":{"start":{"line":255,"column":12},"end":{"line":255,"column":90}},"type":"binary-expr","locations":[{"start":{"line":255,"column":12},"end":{"line":255,"column":36}},{"start":{"line":255,"column":40},"end":{"line":255,"column":60}},{"start":{"line":255,"column":64},"end":{"line":255,"column":90}}],"line":255},"39":{"loc":{"start":{"line":268,"column":8},"end":{"line":273,"column":9}},"type":"switch","locations":[{"start":{"line":269,"column":12},"end":{"line":269,"column":37}},{"start":{"line":270,"column":12},"end":{"line":270,"column":62}},{"start":{"line":271,"column":12},"end":{"line":272,"column":27}}],"line":268},"40":{"loc":{"start":{"line":291,"column":49},"end":{"line":291,"column":113}},"type":"binary-expr","locations":[{"start":{"line":291,"column":49},"end":{"line":291,"column":74}},{"start":{"line":291,"column":78},"end":{"line":291,"column":95}},{"start":{"line":291,"column":99},"end":{"line":291,"column":113}}],"line":291},"41":{"loc":{"start":{"line":300,"column":12},"end":{"line":300,"column":90}},"type":"if","locations":[{"start":{"line":300,"column":12},"end":{"line":300,"column":90}},{"start":{},"end":{}}],"line":300},"42":{"loc":{"start":{"line":300,"column":16},"end":{"line":300,"column":55}},"type":"binary-expr","locations":[{"start":{"line":300,"column":16},"end":{"line":300,"column":27}},{"start":{"line":300,"column":31},"end":{"line":300,"column":55}}],"line":300},"43":{"loc":{"start":{"line":301,"column":27},"end":{"line":301,"column":75}},"type":"cond-expr","locations":[{"start":{"line":301,"column":41},"end":{"line":301,"column":64}},{"start":{"line":301,"column":67},"end":{"line":301,"column":75}}],"line":301},"44":{"loc":{"start":{"line":303,"column":12},"end":{"line":303,"column":100}},"type":"if","locations":[{"start":{"line":303,"column":12},"end":{"line":303,"column":100}},{"start":{},"end":{}}],"line":303},"45":{"loc":{"start":{"line":303,"column":16},"end":{"line":303,"column":61}},"type":"binary-expr","locations":[{"start":{"line":303,"column":16},"end":{"line":303,"column":29}},{"start":{"line":303,"column":33},"end":{"line":303,"column":61}}],"line":303},"46":{"loc":{"start":{"line":304,"column":29},"end":{"line":304,"column":83}},"type":"cond-expr","locations":[{"start":{"line":304,"column":45},"end":{"line":304,"column":72}},{"start":{"line":304,"column":75},"end":{"line":304,"column":83}}],"line":304},"47":{"loc":{"start":{"line":311,"column":19},"end":{"line":311,"column":66}},"type":"cond-expr","locations":[{"start":{"line":311,"column":34},"end":{"line":311,"column":59}},{"start":{"line":311,"column":62},"end":{"line":311,"column":66}}],"line":311},"48":{"loc":{"start":{"line":326,"column":20},"end":{"line":326,"column":67}},"type":"cond-expr","locations":[{"start":{"line":326,"column":55},"end":{"line":326,"column":59}},{"start":{"line":326,"column":62},"end":{"line":326,"column":67}}],"line":326},"49":{"loc":{"start":{"line":329,"column":15},"end":{"line":329,"column":80}},"type":"binary-expr","locations":[{"start":{"line":329,"column":15},"end":{"line":329,"column":36}},{"start":{"line":329,"column":40},"end":{"line":329,"column":80}}],"line":329},"50":{"loc":{"start":{"line":334,"column":8},"end":{"line":336,"column":9}},"type":"if","locations":[{"start":{"line":334,"column":8},"end":{"line":336,"column":9}},{"start":{},"end":{}}],"line":334},"51":{"loc":{"start":{"line":334,"column":12},"end":{"line":334,"column":64}},"type":"binary-expr","locations":[{"start":{"line":334,"column":12},"end":{"line":334,"column":41}},{"start":{"line":334,"column":45},"end":{"line":334,"column":64}}],"line":334},"52":{"loc":{"start":{"line":361,"column":8},"end":{"line":381,"column":9}},"type":"if","locations":[{"start":{"line":361,"column":8},"end":{"line":381,"column":9}},{"start":{"line":363,"column":15},"end":{"line":381,"column":9}}],"line":361},"53":{"loc":{"start":{"line":361,"column":12},"end":{"line":361,"column":65}},"type":"binary-expr","locations":[{"start":{"line":361,"column":12},"end":{"line":361,"column":42}},{"start":{"line":361,"column":46},"end":{"line":361,"column":65}}],"line":361},"54":{"loc":{"start":{"line":362,"column":23},"end":{"line":362,"column":74}},"type":"cond-expr","locations":[{"start":{"line":362,"column":45},"end":{"line":362,"column":55}},{"start":{"line":362,"column":58},"end":{"line":362,"column":74}}],"line":362},"55":{"loc":{"start":{"line":363,"column":15},"end":{"line":381,"column":9}},"type":"if","locations":[{"start":{"line":363,"column":15},"end":{"line":381,"column":9}},{"start":{},"end":{}}],"line":363},"56":{"loc":{"start":{"line":387,"column":8},"end":{"line":399,"column":9}},"type":"switch","locations":[{"start":{"line":388,"column":12},"end":{"line":390,"column":21}},{"start":{"line":391,"column":12},"end":{"line":393,"column":21}},{"start":{"line":394,"column":12},"end":{"line":398,"column":21}}],"line":387},"57":{"loc":{"start":{"line":389,"column":23},"end":{"line":389,"column":70}},"type":"cond-expr","locations":[{"start":{"line":389,"column":36},"end":{"line":389,"column":51}},{"start":{"line":389,"column":54},"end":{"line":389,"column":70}}],"line":389},"58":{"loc":{"start":{"line":409,"column":12},"end":{"line":409,"column":102}},"type":"if","locations":[{"start":{"line":409,"column":12},"end":{"line":409,"column":102}},{"start":{},"end":{}}],"line":409},"59":{"loc":{"start":{"line":410,"column":12},"end":{"line":410,"column":82}},"type":"if","locations":[{"start":{"line":410,"column":12},"end":{"line":410,"column":82}},{"start":{},"end":{}}],"line":410},"60":{"loc":{"start":{"line":420,"column":30},"end":{"line":420,"column":78}},"type":"binary-expr","locations":[{"start":{"line":420,"column":30},"end":{"line":420,"column":72}},{"start":{"line":420,"column":76},"end":{"line":420,"column":78}}],"line":420},"61":{"loc":{"start":{"line":423,"column":12},"end":{"line":425,"column":13}},"type":"if","locations":[{"start":{"line":423,"column":12},"end":{"line":425,"column":13}},{"start":{},"end":{}}],"line":423},"62":{"loc":{"start":{"line":423,"column":16},"end":{"line":423,"column":71}},"type":"binary-expr","locations":[{"start":{"line":423,"column":16},"end":{"line":423,"column":23}},{"start":{"line":423,"column":27},"end":{"line":423,"column":71}}],"line":423},"63":{"loc":{"start":{"line":436,"column":39},"end":{"line":436,"column":53}},"type":"binary-expr","locations":[{"start":{"line":436,"column":39},"end":{"line":436,"column":45}},{"start":{"line":436,"column":49},"end":{"line":436,"column":53}}],"line":436}},"s":{"0":4,"1":58,"2":58,"3":1,"4":57,"5":57,"6":57,"7":111,"8":54,"9":231,"10":0,"11":231,"12":2279,"13":2279,"14":3,"15":3,"16":228,"17":50,"18":76,"19":226,"20":8,"21":226,"22":678,"23":226,"24":12,"25":36,"26":1140,"27":1140,"28":233,"29":6,"30":5,"31":5,"32":4,"33":57,"34":57,"35":115,"36":115,"37":115,"38":115,"39":115,"40":9,"41":9,"42":9,"43":9,"44":9,"45":8,"46":8,"47":8,"48":4,"49":8,"50":0,"51":0,"52":9,"53":9,"54":8,"55":8,"56":8,"57":0,"58":0,"59":9,"60":4,"61":57,"62":115,"63":4,"64":57,"65":57,"66":57,"67":57,"68":2,"69":118,"70":118,"71":27,"72":40,"73":117,"74":4,"75":117,"76":2,"77":6,"78":117,"79":0,"80":0,"81":117,"82":0,"83":0,"84":3,"85":2,"86":1,"87":44,"88":3,"89":3,"90":1,"91":2,"92":2,"93":2,"94":2,"95":41,"96":4,"97":57,"98":117,"99":117,"100":117,"101":113,"102":113,"103":113,"104":3,"105":1,"106":2,"107":3,"108":2,"109":2,"110":1,"111":4,"112":57,"113":115,"114":115,"115":115,"116":115,"117":4,"118":4,"119":12,"120":0,"121":12,"122":12,"123":115,"124":111,"125":4,"126":12,"127":4,"128":2,"129":6,"130":4,"131":2,"132":111,"133":12,"134":6,"135":12,"136":99,"137":4,"138":57,"139":115,"140":115,"141":4,"142":57,"143":115,"144":26,"145":26,"146":26,"147":26,"148":26,"149":39,"150":0,"151":39,"152":39,"153":0,"154":39,"155":39,"156":26,"157":13,"158":13,"159":26,"160":4,"161":4,"162":4,"163":684,"164":684,"165":684,"166":1356,"167":20,"168":20,"169":20,"170":3,"171":3,"172":3,"173":3,"174":3,"175":0,"176":3,"177":11,"178":0,"179":0,"180":0,"181":11,"182":11,"183":11,"184":11,"185":11,"186":11,"187":0,"188":11,"189":6,"190":6,"191":6,"192":0,"193":0,"194":5,"195":5,"196":1,"197":3,"198":1,"199":3,"200":1,"201":1,"202":6,"203":6,"204":6,"205":1,"206":3,"207":6,"208":5,"209":6,"210":6,"211":0,"212":6,"213":22,"214":7,"215":7,"216":7,"217":7,"218":4,"219":57,"220":113,"221":113},"f":{"0":58,"1":57,"2":111,"3":231,"4":678,"5":12,"6":36,"7":1140,"8":233,"9":0,"10":6,"11":57,"12":115,"13":9,"14":9,"15":57,"16":115,"17":4,"18":57,"19":118,"20":6,"21":0,"22":0,"23":3,"24":44,"25":2,"26":57,"27":117,"28":117,"29":3,"30":57,"31":115,"32":115,"33":0,"34":115,"35":12,"36":2,"37":6,"38":2,"39":111,"40":12,"41":6,"42":57,"43":115,"44":115,"45":57,"46":115,"47":26,"48":39,"49":13,"50":684,"51":1356,"52":20,"53":3,"54":11,"55":0,"56":0,"57":6,"58":3,"59":3,"60":3,"61":22,"62":57,"63":113,"64":113},"b":{"0":[1,57],"1":[31,26],"2":[0,231],"3":[2279,2279,743],"4":[50,178],"5":[8,218],"6":[0],"7":[56,59],"8":[8,1],"9":[8,1],"10":[0,8],"11":[0,8],"12":[0,8],"13":[115,4],"14":[2,2],"15":[4,2,2],"16":[0],"17":[57,55],"18":[27,91],"19":[4,113],"20":[2,115],"21":[0,6],"22":[0,117],"23":[0,0],"24":[0,117],"25":[0,0],"26":[2,1],"27":[3,41],"28":[1,2],"29":[2,0],"30":[4,113],"31":[113,59],"32":[113,3,1],"33":[1,2],"34":[2,0],"35":[4,12],"36":[12,12],"37":[111,4],"38":[115,4,4],"39":[6,10,12],"40":[115,26,26],"41":[0,39],"42":[39,0],"43":[0,39],"44":[0,39],"45":[39,0],"46":[0,39],"47":[0,13],"48":[684,0],"49":[1356,32],"50":[20,0],"51":[20,1],"52":[0,11],"53":[11,11],"54":[0,0],"55":[11,0],"56":[0,5,1],"57":[0,0],"58":[1,5],"59":[5,1],"60":[22,0],"61":[7,0],"62":[7,7],"63":[113,0]},"_coverageSchema":"1a1c01bbd47fc00a2c39e90264f33305004495a9","hash":"c08bc2b282d09cae0f78c98f5faf69118ee5c7ef"}
,"C:\\Work\\dev\\nodedev\\dynamik\\data.js": {"path":"C:\\Work\\dev\\nodedev\\dynamik\\data.js","statementMap":{"0":{"start":{"line":4,"column":8},"end":{"line":4,"column":26}},"1":{"start":{"line":18,"column":8},"end":{"line":18,"column":44}},"2":{"start":{"line":28,"column":8},"end":{"line":28,"column":34}},"3":{"start":{"line":28,"column":28},"end":{"line":28,"column":34}},"4":{"start":{"line":29,"column":8},"end":{"line":31,"column":70}},"5":{"start":{"line":30,"column":28},"end":{"line":30,"column":72}},"6":{"start":{"line":31,"column":29},"end":{"line":31,"column":69}},"7":{"start":{"line":32,"column":8},"end":{"line":32,"column":28}},"8":{"start":{"line":33,"column":8},"end":{"line":55,"column":9}},"9":{"start":{"line":35,"column":16},"end":{"line":35,"column":21}},"10":{"start":{"line":37,"column":16},"end":{"line":37,"column":104}},"11":{"start":{"line":37,"column":41},"end":{"line":37,"column":103}},"12":{"start":{"line":38,"column":16},"end":{"line":38,"column":21}},"13":{"start":{"line":40,"column":16},"end":{"line":48,"column":18}},"14":{"start":{"line":41,"column":33},"end":{"line":41,"column":96}},"15":{"start":{"line":42,"column":20},"end":{"line":47,"column":22}},"16":{"start":{"line":43,"column":24},"end":{"line":46,"column":26}},"17":{"start":{"line":44,"column":28},"end":{"line":45,"column":88}},"18":{"start":{"line":45,"column":32},"end":{"line":45,"column":88}},"19":{"start":{"line":49,"column":16},"end":{"line":49,"column":21}},"20":{"start":{"line":51,"column":16},"end":{"line":53,"column":18}},"21":{"start":{"line":52,"column":20},"end":{"line":52,"column":90}},"22":{"start":{"line":54,"column":16},"end":{"line":54,"column":21}},"23":{"start":{"line":59,"column":47},"end":{"line":59,"column":103}},"24":{"start":{"line":61,"column":8},"end":{"line":61,"column":69}},"25":{"start":{"line":65,"column":49},"end":{"line":65,"column":82}},"26":{"start":{"line":67,"column":8},"end":{"line":67,"column":75}},"27":{"start":{"line":68,"column":8},"end":{"line":68,"column":19}},"28":{"start":{"line":73,"column":31},"end":{"line":77,"column":3}},"29":{"start":{"line":75,"column":8},"end":{"line":75,"column":47}},"30":{"start":{"line":80,"column":28},"end":{"line":84,"column":3}},"31":{"start":{"line":82,"column":8},"end":{"line":82,"column":17}}},"fnMap":{"0":{"name":"(anonymous_0)","decl":{"start":{"line":3,"column":4},"end":{"line":3,"column":5}},"loc":{"start":{"line":3,"column":23},"end":{"line":5,"column":5}},"line":3},"1":{"name":"(anonymous_1)","decl":{"start":{"line":17,"column":4},"end":{"line":17,"column":5}},"loc":{"start":{"line":17,"column":31},"end":{"line":19,"column":5}},"line":17},"2":{"name":"(anonymous_2)","decl":{"start":{"line":27,"column":4},"end":{"line":27,"column":5}},"loc":{"start":{"line":27,"column":45},"end":{"line":56,"column":5}},"line":27},"3":{"name":"(anonymous_3)","decl":{"start":{"line":30,"column":20},"end":{"line":30,"column":21}},"loc":{"start":{"line":30,"column":28},"end":{"line":30,"column":72}},"line":30},"4":{"name":"(anonymous_4)","decl":{"start":{"line":31,"column":21},"end":{"line":31,"column":22}},"loc":{"start":{"line":31,"column":29},"end":{"line":31,"column":69}},"line":31},"5":{"name":"(anonymous_5)","decl":{"start":{"line":37,"column":31},"end":{"line":37,"column":32}},"loc":{"start":{"line":37,"column":41},"end":{"line":37,"column":103}},"line":37},"6":{"name":"(anonymous_6)","decl":{"start":{"line":40,"column":31},"end":{"line":40,"column":32}},"loc":{"start":{"line":40,"column":44},"end":{"line":48,"column":17}},"line":40},"7":{"name":"(anonymous_7)","decl":{"start":{"line":42,"column":33},"end":{"line":42,"column":34}},"loc":{"start":{"line":42,"column":40},"end":{"line":47,"column":21}},"line":42},"8":{"name":"(anonymous_8)","decl":{"start":{"line":43,"column":43},"end":{"line":43,"column":44}},"loc":{"start":{"line":43,"column":55},"end":{"line":46,"column":25}},"line":43},"9":{"name":"(anonymous_9)","decl":{"start":{"line":51,"column":58},"end":{"line":51,"column":59}},"loc":{"start":{"line":51,"column":82},"end":{"line":53,"column":17}},"line":51},"10":{"name":"(anonymous_10)","decl":{"start":{"line":59,"column":4},"end":{"line":59,"column":5}},"loc":{"start":{"line":59,"column":45},"end":{"line":59,"column":105}},"line":59},"11":{"name":"(anonymous_11)","decl":{"start":{"line":60,"column":4},"end":{"line":60,"column":5}},"loc":{"start":{"line":60,"column":41},"end":{"line":62,"column":5}},"line":60},"12":{"name":"(anonymous_12)","decl":{"start":{"line":65,"column":4},"end":{"line":65,"column":5}},"loc":{"start":{"line":65,"column":47},"end":{"line":65,"column":84}},"line":65},"13":{"name":"(anonymous_13)","decl":{"start":{"line":66,"column":4},"end":{"line":66,"column":5}},"loc":{"start":{"line":66,"column":41},"end":{"line":69,"column":5}},"line":66},"14":{"name":"(anonymous_14)","decl":{"start":{"line":74,"column":4},"end":{"line":74,"column":5}},"loc":{"start":{"line":74,"column":18},"end":{"line":76,"column":5}},"line":74},"15":{"name":"(anonymous_15)","decl":{"start":{"line":81,"column":4},"end":{"line":81,"column":5}},"loc":{"start":{"line":81,"column":18},"end":{"line":83,"column":5}},"line":81}},"branchMap":{"0":{"loc":{"start":{"line":28,"column":8},"end":{"line":28,"column":34}},"type":"if","locations":[{"start":{"line":28,"column":8},"end":{"line":28,"column":34}},{"start":{},"end":{}}],"line":28},"1":{"loc":{"start":{"line":33,"column":8},"end":{"line":55,"column":9}},"type":"switch","locations":[{"start":{"line":34,"column":12},"end":{"line":35,"column":21}},{"start":{"line":36,"column":12},"end":{"line":38,"column":21}},{"start":{"line":39,"column":12},"end":{"line":49,"column":21}},{"start":{"line":50,"column":12},"end":{"line":54,"column":21}}],"line":33},"2":{"loc":{"start":{"line":36,"column":17},"end":{"line":36,"column":51}},"type":"binary-expr","locations":[{"start":{"line":36,"column":17},"end":{"line":36,"column":32}},{"start":{"line":36,"column":36},"end":{"line":36,"column":51}}],"line":36},"3":{"loc":{"start":{"line":39,"column":17},"end":{"line":39,"column":52}},"type":"binary-expr","locations":[{"start":{"line":39,"column":17},"end":{"line":39,"column":32}},{"start":{"line":39,"column":36},"end":{"line":39,"column":52}}],"line":39},"4":{"loc":{"start":{"line":43,"column":24},"end":{"line":46,"column":26}},"type":"binary-expr","locations":[{"start":{"line":43,"column":24},"end":{"line":43,"column":27}},{"start":{"line":43,"column":31},"end":{"line":46,"column":26}}],"line":43},"5":{"loc":{"start":{"line":44,"column":28},"end":{"line":45,"column":88}},"type":"if","locations":[{"start":{"line":44,"column":28},"end":{"line":45,"column":88}},{"start":{},"end":{}}],"line":44},"6":{"loc":{"start":{"line":44,"column":32},"end":{"line":44,"column":96}},"type":"binary-expr","locations":[{"start":{"line":44,"column":32},"end":{"line":44,"column":45}},{"start":{"line":44,"column":49},"end":{"line":44,"column":96}}],"line":44},"7":{"loc":{"start":{"line":59,"column":54},"end":{"line":59,"column":103}},"type":"binary-expr","locations":[{"start":{"line":59,"column":54},"end":{"line":59,"column":74}},{"start":{"line":59,"column":78},"end":{"line":59,"column":103}}],"line":59}},"s":{"0":8,"1":42,"2":42,"3":0,"4":42,"5":42,"6":0,"7":42,"8":42,"9":42,"10":0,"11":0,"12":0,"13":0,"14":0,"15":0,"16":0,"17":0,"18":0,"19":0,"20":0,"21":0,"22":0,"23":21,"24":0,"25":21,"26":0,"27":0,"28":4,"29":4,"30":4,"31":4},"f":{"0":8,"1":42,"2":42,"3":42,"4":0,"5":0,"6":0,"7":0,"8":0,"9":0,"10":21,"11":0,"12":21,"13":0,"14":4,"15":4},"b":{"0":[0,42],"1":[42,0,0,0],"2":[0,0],"3":[0,0],"4":[0,0],"5":[0,0],"6":[0,0],"7":[21,0]},"_coverageSchema":"1a1c01bbd47fc00a2c39e90264f33305004495a9","hash":"91a5fad8ed1164fa4b07c46c42567443ba895660"}
,"C:\\Work\\dev\\nodedev\\dynamik\\dynamik.js": {"path":"C:\\Work\\dev\\nodedev\\dynamik\\dynamik.js","statementMap":{"0":{"start":{"line":6,"column":18},"end":{"line":6,"column":36}},"1":{"start":{"line":7,"column":19},"end":{"line":7,"column":34}},"2":{"start":{"line":8,"column":19},"end":{"line":8,"column":37}},"3":{"start":{"line":18,"column":4},"end":{"line":18,"column":89}},"4":{"start":{"line":18,"column":36},"end":{"line":18,"column":89}},"5":{"start":{"line":19,"column":17},"end":{"line":19,"column":34}},"6":{"start":{"line":20,"column":19},"end":{"line":20,"column":31}},"7":{"start":{"line":21,"column":22},"end":{"line":21,"column":49}},"8":{"start":{"line":22,"column":4},"end":{"line":22,"column":31}},"9":{"start":{"line":22,"column":19},"end":{"line":22,"column":31}},"10":{"start":{"line":23,"column":4},"end":{"line":23,"column":39}},"11":{"start":{"line":32,"column":14},"end":{"line":32,"column":30}},"12":{"start":{"line":33,"column":17},"end":{"line":33,"column":47}},"13":{"start":{"line":34,"column":4},"end":{"line":37,"column":5}},"14":{"start":{"line":34,"column":17},"end":{"line":34,"column":18}},"15":{"start":{"line":35,"column":8},"end":{"line":35,"column":76}},"16":{"start":{"line":35,"column":31},"end":{"line":35,"column":76}},"17":{"start":{"line":36,"column":8},"end":{"line":36,"column":18}},"18":{"start":{"line":39,"column":4},"end":{"line":39,"column":44}},"19":{"start":{"line":39,"column":30},"end":{"line":39,"column":44}},"20":{"start":{"line":40,"column":4},"end":{"line":40,"column":15}},"21":{"start":{"line":53,"column":8},"end":{"line":53,"column":86}},"22":{"start":{"line":53,"column":63},"end":{"line":53,"column":86}},"23":{"start":{"line":54,"column":8},"end":{"line":54,"column":154}},"24":{"start":{"line":54,"column":28},"end":{"line":54,"column":154}},"25":{"start":{"line":55,"column":8},"end":{"line":55,"column":24}},"26":{"start":{"line":56,"column":8},"end":{"line":56,"column":22}},"27":{"start":{"line":64,"column":21},"end":{"line":64,"column":47}},"28":{"start":{"line":65,"column":24},"end":{"line":65,"column":48}},"29":{"start":{"line":66,"column":8},"end":{"line":66,"column":27}},"30":{"start":{"line":67,"column":8},"end":{"line":67,"column":22}},"31":{"start":{"line":69,"column":18},"end":{"line":69,"column":45}},"32":{"start":{"line":70,"column":20},"end":{"line":70,"column":49}},"33":{"start":{"line":71,"column":22},"end":{"line":71,"column":83}},"34":{"start":{"line":72,"column":17},"end":{"line":72,"column":38}},"35":{"start":{"line":73,"column":15},"end":{"line":73,"column":36}},"36":{"start":{"line":74,"column":17},"end":{"line":74,"column":37}},"37":{"start":{"line":75,"column":16},"end":{"line":75,"column":85}},"38":{"start":{"line":76,"column":20},"end":{"line":76,"column":43}},"39":{"start":{"line":77,"column":19},"end":{"line":77,"column":38}},"40":{"start":{"line":79,"column":21},"end":{"line":79,"column":30}},"41":{"start":{"line":80,"column":21},"end":{"line":80,"column":36}},"42":{"start":{"line":81,"column":8},"end":{"line":92,"column":9}},"43":{"start":{"line":82,"column":12},"end":{"line":82,"column":37}},"44":{"start":{"line":82,"column":32},"end":{"line":82,"column":37}},"45":{"start":{"line":83,"column":12},"end":{"line":91,"column":13}},"46":{"start":{"line":85,"column":20},"end":{"line":85,"column":41}},"47":{"start":{"line":86,"column":20},"end":{"line":86,"column":25}},"48":{"start":{"line":88,"column":20},"end":{"line":88,"column":51}},"49":{"start":{"line":89,"column":20},"end":{"line":89,"column":25}},"50":{"start":{"line":90,"column":25},"end":{"line":90,"column":41}},"51":{"start":{"line":93,"column":8},"end":{"line":93,"column":21}},"52":{"start":{"line":95,"column":17},"end":{"line":95,"column":42}},"53":{"start":{"line":97,"column":20},"end":{"line":97,"column":33}},"54":{"start":{"line":98,"column":8},"end":{"line":101,"column":9}},"55":{"start":{"line":99,"column":12},"end":{"line":100,"column":33}},"56":{"start":{"line":99,"column":35},"end":{"line":99,"column":53}},"57":{"start":{"line":100,"column":17},"end":{"line":100,"column":33}},"58":{"start":{"line":102,"column":8},"end":{"line":102,"column":20}},"59":{"start":{"line":105,"column":23},"end":{"line":105,"column":34}},"60":{"start":{"line":106,"column":20},"end":{"line":106,"column":28}},"61":{"start":{"line":107,"column":8},"end":{"line":107,"column":49}},"62":{"start":{"line":107,"column":30},"end":{"line":107,"column":49}},"63":{"start":{"line":115,"column":8},"end":{"line":115,"column":108}},"64":{"start":{"line":115,"column":33},"end":{"line":115,"column":108}},"65":{"start":{"line":119,"column":18},"end":{"line":119,"column":40}},"66":{"start":{"line":120,"column":8},"end":{"line":120,"column":108}},"67":{"start":{"line":124,"column":18},"end":{"line":124,"column":38}},"68":{"start":{"line":125,"column":8},"end":{"line":125,"column":79}},"69":{"start":{"line":129,"column":18},"end":{"line":129,"column":41}},"70":{"start":{"line":130,"column":8},"end":{"line":130,"column":79}},"71":{"start":{"line":134,"column":18},"end":{"line":134,"column":40}},"72":{"start":{"line":135,"column":8},"end":{"line":135,"column":79}},"73":{"start":{"line":139,"column":8},"end":{"line":139,"column":80}},"74":{"start":{"line":139,"column":69},"end":{"line":139,"column":80}},"75":{"start":{"line":140,"column":18},"end":{"line":140,"column":41}},"76":{"start":{"line":141,"column":8},"end":{"line":141,"column":79}},"77":{"start":{"line":145,"column":18},"end":{"line":145,"column":36}},"78":{"start":{"line":146,"column":8},"end":{"line":146,"column":78}},"79":{"start":{"line":150,"column":18},"end":{"line":150,"column":36}},"80":{"start":{"line":151,"column":8},"end":{"line":151,"column":78}},"81":{"start":{"line":155,"column":18},"end":{"line":155,"column":36}},"82":{"start":{"line":156,"column":8},"end":{"line":156,"column":87}},"83":{"start":{"line":156,"column":46},"end":{"line":156,"column":75}},"84":{"start":{"line":159,"column":18},"end":{"line":159,"column":38}},"85":{"start":{"line":160,"column":8},"end":{"line":160,"column":87}},"86":{"start":{"line":160,"column":46},"end":{"line":160,"column":75}},"87":{"start":{"line":163,"column":18},"end":{"line":163,"column":42}},"88":{"start":{"line":164,"column":8},"end":{"line":164,"column":87}},"89":{"start":{"line":164,"column":46},"end":{"line":164,"column":75}},"90":{"start":{"line":167,"column":18},"end":{"line":167,"column":36}},"91":{"start":{"line":168,"column":8},"end":{"line":168,"column":87}},"92":{"start":{"line":168,"column":46},"end":{"line":168,"column":75}},"93":{"start":{"line":171,"column":18},"end":{"line":171,"column":37}},"94":{"start":{"line":172,"column":8},"end":{"line":172,"column":87}},"95":{"start":{"line":172,"column":46},"end":{"line":172,"column":75}},"96":{"start":{"line":178,"column":8},"end":{"line":178,"column":22}},"97":{"start":{"line":179,"column":8},"end":{"line":179,"column":34}},"98":{"start":{"line":180,"column":8},"end":{"line":180,"column":38}},"99":{"start":{"line":183,"column":30},"end":{"line":183,"column":61}},"100":{"start":{"line":184,"column":20},"end":{"line":184,"column":59}},"101":{"start":{"line":185,"column":8},"end":{"line":197,"column":9}},"102":{"start":{"line":186,"column":33},"end":{"line":186,"column":77}},"103":{"start":{"line":187,"column":27},"end":{"line":187,"column":43}},"104":{"start":{"line":188,"column":33},"end":{"line":188,"column":86}},"105":{"start":{"line":189,"column":32},"end":{"line":189,"column":108}},"106":{"start":{"line":190,"column":12},"end":{"line":190,"column":100}},"107":{"start":{"line":191,"column":27},"end":{"line":191,"column":38}},"108":{"start":{"line":192,"column":12},"end":{"line":192,"column":67}},"109":{"start":{"line":193,"column":24},"end":{"line":193,"column":61}},"110":{"start":{"line":194,"column":12},"end":{"line":194,"column":70}},"111":{"start":{"line":195,"column":12},"end":{"line":195,"column":48}},"112":{"start":{"line":196,"column":12},"end":{"line":196,"column":22}},"113":{"start":{"line":198,"column":8},"end":{"line":198,"column":19}},"114":{"start":{"line":201,"column":8},"end":{"line":201,"column":54}},"115":{"start":{"line":201,"column":35},"end":{"line":201,"column":54}},"116":{"start":{"line":201,"column":48},"end":{"line":201,"column":54}},"117":{"start":{"line":202,"column":8},"end":{"line":202,"column":77}},"118":{"start":{"line":202,"column":30},"end":{"line":202,"column":77}},"119":{"start":{"line":203,"column":22},"end":{"line":203,"column":51}},"120":{"start":{"line":205,"column":8},"end":{"line":205,"column":20}},"121":{"start":{"line":210,"column":19},"end":{"line":210,"column":24}},"122":{"start":{"line":211,"column":14},"end":{"line":211,"column":16}},"123":{"start":{"line":212,"column":16},"end":{"line":212,"column":25}},"124":{"start":{"line":214,"column":8},"end":{"line":214,"column":64}},"125":{"start":{"line":214,"column":39},"end":{"line":214,"column":64}},"126":{"start":{"line":215,"column":8},"end":{"line":215,"column":82}},"127":{"start":{"line":215,"column":32},"end":{"line":215,"column":82}},"128":{"start":{"line":216,"column":8},"end":{"line":216,"column":30}},"129":{"start":{"line":217,"column":23},"end":{"line":217,"column":47}},"130":{"start":{"line":218,"column":8},"end":{"line":218,"column":58}},"131":{"start":{"line":219,"column":8},"end":{"line":219,"column":50}},"132":{"start":{"line":220,"column":8},"end":{"line":220,"column":64}},"133":{"start":{"line":221,"column":8},"end":{"line":221,"column":24}},"134":{"start":{"line":225,"column":8},"end":{"line":225,"column":55}},"135":{"start":{"line":225,"column":46},"end":{"line":225,"column":55}},"136":{"start":{"line":226,"column":8},"end":{"line":226,"column":78}},"137":{"start":{"line":226,"column":44},"end":{"line":226,"column":78}},"138":{"start":{"line":227,"column":8},"end":{"line":227,"column":96}},"139":{"start":{"line":227,"column":45},"end":{"line":227,"column":96}},"140":{"start":{"line":228,"column":8},"end":{"line":228,"column":17}},"141":{"start":{"line":233,"column":8},"end":{"line":233,"column":45}},"142":{"start":{"line":233,"column":39},"end":{"line":233,"column":45}},"143":{"start":{"line":234,"column":8},"end":{"line":244,"column":9}},"144":{"start":{"line":236,"column":12},"end":{"line":243,"column":13}},"145":{"start":{"line":237,"column":38},"end":{"line":237,"column":77}},"146":{"start":{"line":238,"column":37},"end":{"line":238,"column":108}},"147":{"start":{"line":239,"column":36},"end":{"line":239,"column":124}},"148":{"start":{"line":240,"column":37},"end":{"line":240,"column":99}},"149":{"start":{"line":241,"column":16},"end":{"line":241,"column":47}},"150":{"start":{"line":242,"column":16},"end":{"line":242,"column":98}},"151":{"start":{"line":245,"column":8},"end":{"line":254,"column":9}},"152":{"start":{"line":246,"column":12},"end":{"line":253,"column":13}},"153":{"start":{"line":247,"column":38},"end":{"line":247,"column":77}},"154":{"start":{"line":248,"column":37},"end":{"line":248,"column":108}},"155":{"start":{"line":249,"column":36},"end":{"line":249,"column":124}},"156":{"start":{"line":250,"column":37},"end":{"line":250,"column":99}},"157":{"start":{"line":251,"column":16},"end":{"line":251,"column":59}},"158":{"start":{"line":252,"column":16},"end":{"line":252,"column":98}},"159":{"start":{"line":258,"column":26},"end":{"line":258,"column":64}},"160":{"start":{"line":259,"column":8},"end":{"line":259,"column":83}},"161":{"start":{"line":259,"column":38},"end":{"line":259,"column":82}},"162":{"start":{"line":263,"column":26},"end":{"line":263,"column":64}},"163":{"start":{"line":264,"column":8},"end":{"line":264,"column":78}},"164":{"start":{"line":264,"column":35},"end":{"line":264,"column":78}},"165":{"start":{"line":265,"column":8},"end":{"line":265,"column":32}},"166":{"start":{"line":269,"column":26},"end":{"line":269,"column":64}},"167":{"start":{"line":270,"column":22},"end":{"line":270,"column":49}},"168":{"start":{"line":271,"column":8},"end":{"line":271,"column":52}},"169":{"start":{"line":271,"column":26},"end":{"line":271,"column":52}}},"fnMap":{"0":{"name":"split","decl":{"start":{"line":17,"column":9},"end":{"line":17,"column":14}},"loc":{"start":{"line":17,"column":26},"end":{"line":24,"column":1}},"line":17},"1":{"name":"move","decl":{"start":{"line":31,"column":9},"end":{"line":31,"column":13}},"loc":{"start":{"line":31,"column":34},"end":{"line":41,"column":1}},"line":31},"2":{"name":"(anonymous_2)","decl":{"start":{"line":52,"column":4},"end":{"line":52,"column":5}},"loc":{"start":{"line":52,"column":32},"end":{"line":57,"column":5}},"line":52},"3":{"name":"(anonymous_3)","decl":{"start":{"line":63,"column":4},"end":{"line":63,"column":5}},"loc":{"start":{"line":63,"column":24},"end":{"line":68,"column":5}},"line":63},"4":{"name":"(anonymous_4)","decl":{"start":{"line":69,"column":4},"end":{"line":69,"column":5}},"loc":{"start":{"line":69,"column":16},"end":{"line":69,"column":47}},"line":69},"5":{"name":"(anonymous_5)","decl":{"start":{"line":70,"column":4},"end":{"line":70,"column":5}},"loc":{"start":{"line":70,"column":18},"end":{"line":70,"column":51}},"line":70},"6":{"name":"(anonymous_6)","decl":{"start":{"line":71,"column":4},"end":{"line":71,"column":5}},"loc":{"start":{"line":71,"column":20},"end":{"line":71,"column":85}},"line":71},"7":{"name":"(anonymous_7)","decl":{"start":{"line":72,"column":4},"end":{"line":72,"column":5}},"loc":{"start":{"line":72,"column":15},"end":{"line":72,"column":40}},"line":72},"8":{"name":"(anonymous_8)","decl":{"start":{"line":73,"column":4},"end":{"line":73,"column":5}},"loc":{"start":{"line":73,"column":13},"end":{"line":73,"column":38}},"line":73},"9":{"name":"(anonymous_9)","decl":{"start":{"line":74,"column":4},"end":{"line":74,"column":5}},"loc":{"start":{"line":74,"column":15},"end":{"line":74,"column":39}},"line":74},"10":{"name":"(anonymous_10)","decl":{"start":{"line":75,"column":4},"end":{"line":75,"column":5}},"loc":{"start":{"line":75,"column":14},"end":{"line":75,"column":87}},"line":75},"11":{"name":"(anonymous_11)","decl":{"start":{"line":76,"column":4},"end":{"line":76,"column":5}},"loc":{"start":{"line":76,"column":18},"end":{"line":76,"column":45}},"line":76},"12":{"name":"(anonymous_12)","decl":{"start":{"line":77,"column":4},"end":{"line":77,"column":5}},"loc":{"start":{"line":77,"column":17},"end":{"line":77,"column":40}},"line":77},"13":{"name":"(anonymous_13)","decl":{"start":{"line":78,"column":4},"end":{"line":78,"column":5}},"loc":{"start":{"line":78,"column":17},"end":{"line":94,"column":5}},"line":78},"14":{"name":"(anonymous_14)","decl":{"start":{"line":95,"column":4},"end":{"line":95,"column":5}},"loc":{"start":{"line":95,"column":15},"end":{"line":95,"column":44}},"line":95},"15":{"name":"(anonymous_15)","decl":{"start":{"line":96,"column":4},"end":{"line":96,"column":5}},"loc":{"start":{"line":96,"column":16},"end":{"line":103,"column":5}},"line":96},"16":{"name":"(anonymous_16)","decl":{"start":{"line":104,"column":4},"end":{"line":104,"column":5}},"loc":{"start":{"line":104,"column":21},"end":{"line":108,"column":5}},"line":104},"17":{"name":"(anonymous_17)","decl":{"start":{"line":114,"column":4},"end":{"line":114,"column":5}},"loc":{"start":{"line":114,"column":14},"end":{"line":116,"column":5}},"line":114},"18":{"name":"(anonymous_18)","decl":{"start":{"line":115,"column":15},"end":{"line":115,"column":16}},"loc":{"start":{"line":115,"column":33},"end":{"line":115,"column":108}},"line":115},"19":{"name":"(anonymous_19)","decl":{"start":{"line":117,"column":4},"end":{"line":117,"column":5}},"loc":{"start":{"line":117,"column":19},"end":{"line":121,"column":5}},"line":117},"20":{"name":"(anonymous_20)","decl":{"start":{"line":122,"column":4},"end":{"line":122,"column":5}},"loc":{"start":{"line":122,"column":17},"end":{"line":126,"column":5}},"line":122},"21":{"name":"(anonymous_21)","decl":{"start":{"line":127,"column":4},"end":{"line":127,"column":5}},"loc":{"start":{"line":127,"column":20},"end":{"line":131,"column":5}},"line":127},"22":{"name":"(anonymous_22)","decl":{"start":{"line":132,"column":4},"end":{"line":132,"column":5}},"loc":{"start":{"line":132,"column":19},"end":{"line":136,"column":5}},"line":132},"23":{"name":"(anonymous_23)","decl":{"start":{"line":137,"column":4},"end":{"line":137,"column":5}},"loc":{"start":{"line":137,"column":20},"end":{"line":142,"column":5}},"line":137},"24":{"name":"(anonymous_24)","decl":{"start":{"line":143,"column":4},"end":{"line":143,"column":5}},"loc":{"start":{"line":143,"column":15},"end":{"line":147,"column":5}},"line":143},"25":{"name":"(anonymous_25)","decl":{"start":{"line":148,"column":4},"end":{"line":148,"column":5}},"loc":{"start":{"line":148,"column":15},"end":{"line":152,"column":5}},"line":148},"26":{"name":"(anonymous_26)","decl":{"start":{"line":153,"column":4},"end":{"line":153,"column":5}},"loc":{"start":{"line":153,"column":15},"end":{"line":157,"column":5}},"line":153},"27":{"name":"(anonymous_27)","decl":{"start":{"line":156,"column":40},"end":{"line":156,"column":41}},"loc":{"start":{"line":156,"column":46},"end":{"line":156,"column":75}},"line":156},"28":{"name":"(anonymous_28)","decl":{"start":{"line":158,"column":4},"end":{"line":158,"column":5}},"loc":{"start":{"line":158,"column":17},"end":{"line":161,"column":5}},"line":158},"29":{"name":"(anonymous_29)","decl":{"start":{"line":160,"column":40},"end":{"line":160,"column":41}},"loc":{"start":{"line":160,"column":46},"end":{"line":160,"column":75}},"line":160},"30":{"name":"(anonymous_30)","decl":{"start":{"line":162,"column":4},"end":{"line":162,"column":5}},"loc":{"start":{"line":162,"column":21},"end":{"line":165,"column":5}},"line":162},"31":{"name":"(anonymous_31)","decl":{"start":{"line":164,"column":40},"end":{"line":164,"column":41}},"loc":{"start":{"line":164,"column":46},"end":{"line":164,"column":75}},"line":164},"32":{"name":"(anonymous_32)","decl":{"start":{"line":166,"column":4},"end":{"line":166,"column":5}},"loc":{"start":{"line":166,"column":15},"end":{"line":169,"column":5}},"line":166},"33":{"name":"(anonymous_33)","decl":{"start":{"line":168,"column":40},"end":{"line":168,"column":41}},"loc":{"start":{"line":168,"column":46},"end":{"line":168,"column":75}},"line":168},"34":{"name":"(anonymous_34)","decl":{"start":{"line":170,"column":4},"end":{"line":170,"column":5}},"loc":{"start":{"line":170,"column":16},"end":{"line":173,"column":5}},"line":170},"35":{"name":"(anonymous_35)","decl":{"start":{"line":172,"column":40},"end":{"line":172,"column":41}},"loc":{"start":{"line":172,"column":46},"end":{"line":172,"column":75}},"line":172},"36":{"name":"(anonymous_36)","decl":{"start":{"line":177,"column":4},"end":{"line":177,"column":5}},"loc":{"start":{"line":177,"column":40},"end":{"line":181,"column":5}},"line":177},"37":{"name":"(anonymous_37)","decl":{"start":{"line":182,"column":4},"end":{"line":182,"column":5}},"loc":{"start":{"line":182,"column":40},"end":{"line":199,"column":5}},"line":182},"38":{"name":"(anonymous_38)","decl":{"start":{"line":200,"column":4},"end":{"line":200,"column":5}},"loc":{"start":{"line":200,"column":26},"end":{"line":206,"column":5}},"line":200},"39":{"name":"(anonymous_39)","decl":{"start":{"line":201,"column":42},"end":{"line":201,"column":43}},"loc":{"start":{"line":201,"column":48},"end":{"line":201,"column":54}},"line":201},"40":{"name":"(anonymous_40)","decl":{"start":{"line":213,"column":4},"end":{"line":213,"column":5}},"loc":{"start":{"line":213,"column":52},"end":{"line":222,"column":5}},"line":213},"41":{"name":"(anonymous_41)","decl":{"start":{"line":224,"column":4},"end":{"line":224,"column":5}},"loc":{"start":{"line":224,"column":50},"end":{"line":229,"column":5}},"line":224},"42":{"name":"(anonymous_42)","decl":{"start":{"line":231,"column":4},"end":{"line":231,"column":5}},"loc":{"start":{"line":231,"column":89},"end":{"line":255,"column":5}},"line":231},"43":{"name":"(anonymous_43)","decl":{"start":{"line":256,"column":4},"end":{"line":256,"column":5}},"loc":{"start":{"line":256,"column":40},"end":{"line":260,"column":5}},"line":256},"44":{"name":"(anonymous_44)","decl":{"start":{"line":259,"column":26},"end":{"line":259,"column":27}},"loc":{"start":{"line":259,"column":38},"end":{"line":259,"column":82}},"line":259},"45":{"name":"(anonymous_45)","decl":{"start":{"line":262,"column":4},"end":{"line":262,"column":5}},"loc":{"start":{"line":262,"column":29},"end":{"line":266,"column":5}},"line":262},"46":{"name":"(anonymous_46)","decl":{"start":{"line":268,"column":4},"end":{"line":268,"column":5}},"loc":{"start":{"line":268,"column":31},"end":{"line":272,"column":5}},"line":268}},"branchMap":{"0":{"loc":{"start":{"line":18,"column":4},"end":{"line":18,"column":89}},"type":"if","locations":[{"start":{"line":18,"column":4},"end":{"line":18,"column":89}},{"start":{},"end":{}}],"line":18},"1":{"loc":{"start":{"line":22,"column":4},"end":{"line":22,"column":31}},"type":"if","locations":[{"start":{"line":22,"column":4},"end":{"line":22,"column":31}},{"start":{},"end":{}}],"line":22},"2":{"loc":{"start":{"line":33,"column":17},"end":{"line":33,"column":47}},"type":"cond-expr","locations":[{"start":{"line":33,"column":30},"end":{"line":33,"column":42}},{"start":{"line":33,"column":45},"end":{"line":33,"column":47}}],"line":33},"3":{"loc":{"start":{"line":35,"column":8},"end":{"line":35,"column":76}},"type":"if","locations":[{"start":{"line":35,"column":8},"end":{"line":35,"column":76}},{"start":{},"end":{}}],"line":35},"4":{"loc":{"start":{"line":52,"column":21},"end":{"line":52,"column":30}},"type":"default-arg","locations":[{"start":{"line":52,"column":28},"end":{"line":52,"column":30}}],"line":52},"5":{"loc":{"start":{"line":53,"column":8},"end":{"line":53,"column":86}},"type":"if","locations":[{"start":{"line":53,"column":8},"end":{"line":53,"column":86}},{"start":{},"end":{}}],"line":53},"6":{"loc":{"start":{"line":53,"column":12},"end":{"line":53,"column":61}},"type":"binary-expr","locations":[{"start":{"line":53,"column":12},"end":{"line":53,"column":36}},{"start":{"line":53,"column":40},"end":{"line":53,"column":61}}],"line":53},"7":{"loc":{"start":{"line":54,"column":8},"end":{"line":54,"column":154}},"type":"if","locations":[{"start":{"line":54,"column":8},"end":{"line":54,"column":154}},{"start":{},"end":{}}],"line":54},"8":{"loc":{"start":{"line":63,"column":7},"end":{"line":63,"column":22}},"type":"default-arg","locations":[{"start":{"line":63,"column":19},"end":{"line":63,"column":22}}],"line":63},"9":{"loc":{"start":{"line":71,"column":29},"end":{"line":71,"column":83}},"type":"cond-expr","locations":[{"start":{"line":71,"column":53},"end":{"line":71,"column":55}},{"start":{"line":71,"column":58},"end":{"line":71,"column":83}}],"line":71},"10":{"loc":{"start":{"line":75,"column":23},"end":{"line":75,"column":85}},"type":"cond-expr","locations":[{"start":{"line":75,"column":42},"end":{"line":75,"column":73}},{"start":{"line":75,"column":76},"end":{"line":75,"column":85}}],"line":75},"11":{"loc":{"start":{"line":82,"column":12},"end":{"line":82,"column":37}},"type":"if","locations":[{"start":{"line":82,"column":12},"end":{"line":82,"column":37}},{"start":{},"end":{}}],"line":82},"12":{"loc":{"start":{"line":83,"column":12},"end":{"line":91,"column":13}},"type":"switch","locations":[{"start":{"line":84,"column":16},"end":{"line":86,"column":25}},{"start":{"line":87,"column":16},"end":{"line":89,"column":25}},{"start":{"line":90,"column":16},"end":{"line":90,"column":41}}],"line":83},"13":{"loc":{"start":{"line":99,"column":12},"end":{"line":100,"column":33}},"type":"if","locations":[{"start":{"line":99,"column":12},"end":{"line":100,"column":33}},{"start":{"line":100,"column":17},"end":{"line":100,"column":33}}],"line":99},"14":{"loc":{"start":{"line":107,"column":8},"end":{"line":107,"column":49}},"type":"if","locations":[{"start":{"line":107,"column":8},"end":{"line":107,"column":49}},{"start":{},"end":{}}],"line":107},"15":{"loc":{"start":{"line":115,"column":33},"end":{"line":115,"column":108}},"type":"cond-expr","locations":[{"start":{"line":115,"column":52},"end":{"line":115,"column":83}},{"start":{"line":115,"column":87},"end":{"line":115,"column":108}}],"line":115},"16":{"loc":{"start":{"line":120,"column":15},"end":{"line":120,"column":108}},"type":"cond-expr","locations":[{"start":{"line":120,"column":42},"end":{"line":120,"column":71}},{"start":{"line":120,"column":74},"end":{"line":120,"column":108}}],"line":120},"17":{"loc":{"start":{"line":125,"column":15},"end":{"line":125,"column":79}},"type":"cond-expr","locations":[{"start":{"line":125,"column":42},"end":{"line":125,"column":71}},{"start":{"line":125,"column":74},"end":{"line":125,"column":79}}],"line":125},"18":{"loc":{"start":{"line":130,"column":15},"end":{"line":130,"column":79}},"type":"cond-expr","locations":[{"start":{"line":130,"column":42},"end":{"line":130,"column":71}},{"start":{"line":130,"column":74},"end":{"line":130,"column":79}}],"line":130},"19":{"loc":{"start":{"line":135,"column":15},"end":{"line":135,"column":79}},"type":"cond-expr","locations":[{"start":{"line":135,"column":42},"end":{"line":135,"column":71}},{"start":{"line":135,"column":74},"end":{"line":135,"column":79}}],"line":135},"20":{"loc":{"start":{"line":139,"column":8},"end":{"line":139,"column":80}},"type":"if","locations":[{"start":{"line":139,"column":8},"end":{"line":139,"column":80}},{"start":{},"end":{}}],"line":139},"21":{"loc":{"start":{"line":141,"column":15},"end":{"line":141,"column":79}},"type":"cond-expr","locations":[{"start":{"line":141,"column":42},"end":{"line":141,"column":71}},{"start":{"line":141,"column":74},"end":{"line":141,"column":79}}],"line":141},"22":{"loc":{"start":{"line":146,"column":15},"end":{"line":146,"column":78}},"type":"cond-expr","locations":[{"start":{"line":146,"column":42},"end":{"line":146,"column":71}},{"start":{"line":146,"column":74},"end":{"line":146,"column":78}}],"line":146},"23":{"loc":{"start":{"line":151,"column":15},"end":{"line":151,"column":78}},"type":"cond-expr","locations":[{"start":{"line":151,"column":42},"end":{"line":151,"column":71}},{"start":{"line":151,"column":74},"end":{"line":151,"column":78}}],"line":151},"24":{"loc":{"start":{"line":156,"column":15},"end":{"line":156,"column":87}},"type":"cond-expr","locations":[{"start":{"line":156,"column":40},"end":{"line":156,"column":75}},{"start":{"line":156,"column":78},"end":{"line":156,"column":87}}],"line":156},"25":{"loc":{"start":{"line":160,"column":15},"end":{"line":160,"column":87}},"type":"cond-expr","locations":[{"start":{"line":160,"column":40},"end":{"line":160,"column":75}},{"start":{"line":160,"column":78},"end":{"line":160,"column":87}}],"line":160},"26":{"loc":{"start":{"line":164,"column":15},"end":{"line":164,"column":87}},"type":"cond-expr","locations":[{"start":{"line":164,"column":40},"end":{"line":164,"column":75}},{"start":{"line":164,"column":78},"end":{"line":164,"column":87}}],"line":164},"27":{"loc":{"start":{"line":168,"column":15},"end":{"line":168,"column":87}},"type":"cond-expr","locations":[{"start":{"line":168,"column":40},"end":{"line":168,"column":75}},{"start":{"line":168,"column":78},"end":{"line":168,"column":87}}],"line":168},"28":{"loc":{"start":{"line":172,"column":15},"end":{"line":172,"column":87}},"type":"cond-expr","locations":[{"start":{"line":172,"column":40},"end":{"line":172,"column":75}},{"start":{"line":172,"column":78},"end":{"line":172,"column":87}}],"line":172},"29":{"loc":{"start":{"line":185,"column":8},"end":{"line":197,"column":9}},"type":"if","locations":[{"start":{"line":185,"column":8},"end":{"line":197,"column":9}},{"start":{},"end":{}}],"line":185},"30":{"loc":{"start":{"line":188,"column":33},"end":{"line":188,"column":86}},"type":"cond-expr","locations":[{"start":{"line":188,"column":54},"end":{"line":188,"column":59}},{"start":{"line":188,"column":62},"end":{"line":188,"column":86}}],"line":188},"31":{"loc":{"start":{"line":188,"column":62},"end":{"line":188,"column":86}},"type":"cond-expr","locations":[{"start":{"line":188,"column":79},"end":{"line":188,"column":81}},{"start":{"line":188,"column":84},"end":{"line":188,"column":86}}],"line":188},"32":{"loc":{"start":{"line":189,"column":32},"end":{"line":189,"column":108}},"type":"cond-expr","locations":[{"start":{"line":189,"column":53},"end":{"line":189,"column":58}},{"start":{"line":189,"column":61},"end":{"line":189,"column":108}}],"line":189},"33":{"loc":{"start":{"line":201,"column":8},"end":{"line":201,"column":54}},"type":"if","locations":[{"start":{"line":201,"column":8},"end":{"line":201,"column":54}},{"start":{},"end":{}}],"line":201},"34":{"loc":{"start":{"line":202,"column":8},"end":{"line":202,"column":77}},"type":"if","locations":[{"start":{"line":202,"column":8},"end":{"line":202,"column":77}},{"start":{},"end":{}}],"line":202},"35":{"loc":{"start":{"line":213,"column":23},"end":{"line":213,"column":36}},"type":"default-arg","locations":[{"start":{"line":213,"column":32},"end":{"line":213,"column":36}}],"line":213},"36":{"loc":{"start":{"line":213,"column":38},"end":{"line":213,"column":50}},"type":"default-arg","locations":[{"start":{"line":213,"column":48},"end":{"line":213,"column":50}}],"line":213},"37":{"loc":{"start":{"line":214,"column":8},"end":{"line":214,"column":64}},"type":"if","locations":[{"start":{"line":214,"column":8},"end":{"line":214,"column":64}},{"start":{},"end":{}}],"line":214},"38":{"loc":{"start":{"line":215,"column":8},"end":{"line":215,"column":82}},"type":"if","locations":[{"start":{"line":215,"column":8},"end":{"line":215,"column":82}},{"start":{},"end":{}}],"line":215},"39":{"loc":{"start":{"line":217,"column":23},"end":{"line":217,"column":47}},"type":"cond-expr","locations":[{"start":{"line":217,"column":40},"end":{"line":217,"column":42}},{"start":{"line":217,"column":45},"end":{"line":217,"column":47}}],"line":217},"40":{"loc":{"start":{"line":225,"column":8},"end":{"line":225,"column":55}},"type":"if","locations":[{"start":{"line":225,"column":8},"end":{"line":225,"column":55}},{"start":{},"end":{}}],"line":225},"41":{"loc":{"start":{"line":225,"column":13},"end":{"line":225,"column":34}},"type":"binary-expr","locations":[{"start":{"line":225,"column":13},"end":{"line":225,"column":26}},{"start":{"line":225,"column":30},"end":{"line":225,"column":34}}],"line":225},"42":{"loc":{"start":{"line":226,"column":8},"end":{"line":226,"column":78}},"type":"if","locations":[{"start":{"line":226,"column":8},"end":{"line":226,"column":78}},{"start":{},"end":{}}],"line":226},"43":{"loc":{"start":{"line":226,"column":51},"end":{"line":226,"column":78}},"type":"binary-expr","locations":[{"start":{"line":226,"column":51},"end":{"line":226,"column":70}},{"start":{"line":226,"column":74},"end":{"line":226,"column":78}}],"line":226},"44":{"loc":{"start":{"line":227,"column":8},"end":{"line":227,"column":96}},"type":"if","locations":[{"start":{"line":227,"column":8},"end":{"line":227,"column":96}},{"start":{},"end":{}}],"line":227},"45":{"loc":{"start":{"line":227,"column":52},"end":{"line":227,"column":96}},"type":"binary-expr","locations":[{"start":{"line":227,"column":52},"end":{"line":227,"column":88}},{"start":{"line":227,"column":92},"end":{"line":227,"column":96}}],"line":227},"46":{"loc":{"start":{"line":233,"column":8},"end":{"line":233,"column":45}},"type":"if","locations":[{"start":{"line":233,"column":8},"end":{"line":233,"column":45}},{"start":{},"end":{}}],"line":233},"47":{"loc":{"start":{"line":234,"column":8},"end":{"line":244,"column":9}},"type":"if","locations":[{"start":{"line":234,"column":8},"end":{"line":244,"column":9}},{"start":{},"end":{}}],"line":234},"48":{"loc":{"start":{"line":238,"column":37},"end":{"line":238,"column":108}},"type":"cond-expr","locations":[{"start":{"line":238,"column":64},"end":{"line":238,"column":75}},{"start":{"line":238,"column":78},"end":{"line":238,"column":108}}],"line":238},"49":{"loc":{"start":{"line":238,"column":78},"end":{"line":238,"column":108}},"type":"cond-expr","locations":[{"start":{"line":238,"column":101},"end":{"line":238,"column":103}},{"start":{"line":238,"column":106},"end":{"line":238,"column":108}}],"line":238},"50":{"loc":{"start":{"line":239,"column":36},"end":{"line":239,"column":124}},"type":"cond-expr","locations":[{"start":{"line":239,"column":63},"end":{"line":239,"column":74}},{"start":{"line":239,"column":77},"end":{"line":239,"column":124}}],"line":239},"51":{"loc":{"start":{"line":245,"column":8},"end":{"line":254,"column":9}},"type":"if","locations":[{"start":{"line":245,"column":8},"end":{"line":254,"column":9}},{"start":{},"end":{}}],"line":245},"52":{"loc":{"start":{"line":248,"column":37},"end":{"line":248,"column":108}},"type":"cond-expr","locations":[{"start":{"line":248,"column":64},"end":{"line":248,"column":75}},{"start":{"line":248,"column":78},"end":{"line":248,"column":108}}],"line":248},"53":{"loc":{"start":{"line":248,"column":78},"end":{"line":248,"column":108}},"type":"cond-expr","locations":[{"start":{"line":248,"column":101},"end":{"line":248,"column":103}},{"start":{"line":248,"column":106},"end":{"line":248,"column":108}}],"line":248},"54":{"loc":{"start":{"line":249,"column":36},"end":{"line":249,"column":124}},"type":"cond-expr","locations":[{"start":{"line":249,"column":63},"end":{"line":249,"column":74}},{"start":{"line":249,"column":77},"end":{"line":249,"column":124}}],"line":249},"55":{"loc":{"start":{"line":258,"column":26},"end":{"line":258,"column":64}},"type":"binary-expr","locations":[{"start":{"line":258,"column":26},"end":{"line":258,"column":58}},{"start":{"line":258,"column":62},"end":{"line":258,"column":64}}],"line":258},"56":{"loc":{"start":{"line":263,"column":26},"end":{"line":263,"column":64}},"type":"binary-expr","locations":[{"start":{"line":263,"column":26},"end":{"line":263,"column":58}},{"start":{"line":263,"column":62},"end":{"line":263,"column":64}}],"line":263},"57":{"loc":{"start":{"line":264,"column":8},"end":{"line":264,"column":78}},"type":"if","locations":[{"start":{"line":264,"column":8},"end":{"line":264,"column":78}},{"start":{},"end":{}}],"line":264},"58":{"loc":{"start":{"line":269,"column":26},"end":{"line":269,"column":64}},"type":"binary-expr","locations":[{"start":{"line":269,"column":26},"end":{"line":269,"column":58}},{"start":{"line":269,"column":62},"end":{"line":269,"column":64}}],"line":269},"59":{"loc":{"start":{"line":271,"column":8},"end":{"line":271,"column":52}},"type":"if","locations":[{"start":{"line":271,"column":8},"end":{"line":271,"column":52}},{"start":{},"end":{}}],"line":271}},"s":{"0":4,"1":4,"2":4,"3":97,"4":0,"5":97,"6":97,"7":97,"8":97,"9":82,"10":97,"11":30,"12":30,"13":30,"14":30,"15":16,"16":2,"17":14,"18":28,"19":35,"20":28,"21":97,"22":67,"23":97,"24":2,"25":95,"26":95,"27":30,"28":28,"29":28,"30":28,"31":2,"32":1,"33":24,"34":23,"35":1,"36":0,"37":9,"38":3,"39":1,"40":65,"41":65,"42":65,"43":32,"44":0,"45":32,"46":0,"47":0,"48":14,"49":14,"50":18,"51":47,"52":1,"53":47,"54":47,"55":34,"56":33,"57":1,"58":46,"59":0,"60":0,"61":0,"62":0,"63":20,"64":8,"65":4,"66":4,"67":2,"68":2,"69":2,"70":2,"71":25,"72":25,"73":7,"74":2,"75":5,"76":5,"77":2,"78":2,"79":2,"80":2,"81":5,"82":5,"83":2,"84":4,"85":4,"86":2,"87":3,"88":3,"89":1,"90":3,"91":3,"92":1,"93":1,"94":1,"95":0,"96":75,"97":75,"98":75,"99":23,"100":23,"101":23,"102":21,"103":21,"104":21,"105":21,"106":21,"107":21,"108":21,"109":21,"110":21,"111":21,"112":21,"113":2,"114":434,"115":10,"116":10,"117":424,"118":44,"119":380,"120":380,"121":4,"122":33,"123":33,"124":33,"125":1,"126":33,"127":1,"128":32,"129":32,"130":32,"131":32,"132":32,"133":32,"134":229,"135":0,"136":229,"137":0,"138":229,"139":14,"140":215,"141":261,"142":186,"143":75,"144":29,"145":85,"146":85,"147":85,"148":85,"149":85,"150":85,"151":75,"152":46,"153":123,"154":123,"155":123,"156":123,"157":123,"158":123,"159":21,"160":21,"161":1,"162":2,"163":2,"164":2,"165":2,"166":1,"167":1,"168":1,"169":1},"f":{"0":97,"1":30,"2":97,"3":30,"4":2,"5":1,"6":24,"7":23,"8":1,"9":0,"10":9,"11":3,"12":1,"13":65,"14":1,"15":47,"16":0,"17":20,"18":8,"19":4,"20":2,"21":2,"22":25,"23":7,"24":2,"25":2,"26":5,"27":2,"28":4,"29":2,"30":3,"31":1,"32":3,"33":1,"34":1,"35":0,"36":75,"37":23,"38":434,"39":10,"40":33,"41":229,"42":261,"43":21,"44":1,"45":2,"46":1},"b":{"0":[0,97],"1":[82,15],"2":[15,15],"3":[2,14],"4":[28],"5":[67,30],"6":[97,68],"7":[2,95],"8":[0],"9":[2,22],"10":[6,3],"11":[0,32],"12":[0,14,18],"13":[33,1],"14":[0,0],"15":[0,8],"16":[3,1],"17":[1,1],"18":[1,1],"19":[4,21],"20":[2,5],"21":[3,2],"22":[1,1],"23":[1,1],"24":[4,1],"25":[3,1],"26":[2,1],"27":[2,1],"28":[0,1],"29":[21,2],"30":[21,0],"31":[0,0],"32":[21,0],"33":[10,424],"34":[44,380],"35":[25],"36":[29],"37":[1,32],"38":[1,32],"39":[8,24],"40":[0,229],"41":[229,0],"42":[0,229],"43":[0,0],"44":[14,215],"45":[14,0],"46":[186,75],"47":[29,46],"48":[74,11],"49":[5,6],"50":[74,11],"51":[46,29],"52":[91,32],"53":[16,16],"54":[91,32],"55":[21,19],"56":[2,2],"57":[2,0],"58":[1,0],"59":[1,0]},"_coverageSchema":"1a1c01bbd47fc00a2c39e90264f33305004495a9","hash":"c0e7dd12963d08bc0c21d27bee73b44c39fc1ceb"}
,"C:\\Work\\dev\\nodedev\\dynamik\\utils.js": {"path":"C:\\Work\\dev\\nodedev\\dynamik\\utils.js","statementMap":{"0":{"start":{"line":2,"column":14},"end":{"line":2,"column":21}},"1":{"start":{"line":4,"column":30},"end":{"line":4,"column":70}},"2":{"start":{"line":5,"column":33},"end":{"line":5,"column":60}},"3":{"start":{"line":6,"column":34},"end":{"line":6,"column":91}},"4":{"start":{"line":7,"column":36},"end":{"line":7,"column":88}},"5":{"start":{"line":8,"column":37},"end":{"line":8,"column":62}},"6":{"start":{"line":10,"column":4},"end":{"line":10,"column":79}},"7":{"start":{"line":10,"column":68},"end":{"line":10,"column":79}},"8":{"start":{"line":11,"column":4},"end":{"line":11,"column":16}},"9":{"start":{"line":15,"column":4},"end":{"line":15,"column":52}},"10":{"start":{"line":15,"column":37},"end":{"line":15,"column":52}},"11":{"start":{"line":16,"column":16},"end":{"line":16,"column":29}},"12":{"start":{"line":17,"column":4},"end":{"line":17,"column":52}},"13":{"start":{"line":20,"column":4},"end":{"line":20,"column":50}},"14":{"start":{"line":20,"column":41},"end":{"line":20,"column":49}},"15":{"start":{"line":24,"column":4},"end":{"line":29,"column":5}},"16":{"start":{"line":25,"column":29},"end":{"line":25,"column":42}},"17":{"start":{"line":26,"column":34},"end":{"line":26,"column":52}},"18":{"start":{"line":27,"column":29},"end":{"line":27,"column":43}},"19":{"start":{"line":28,"column":30},"end":{"line":28,"column":45}},"20":{"start":{"line":30,"column":4},"end":{"line":30,"column":23}},"21":{"start":{"line":34,"column":4},"end":{"line":34,"column":33}},"22":{"start":{"line":34,"column":23},"end":{"line":34,"column":33}},"23":{"start":{"line":35,"column":4},"end":{"line":35,"column":100}},"24":{"start":{"line":35,"column":27},"end":{"line":35,"column":100}},"25":{"start":{"line":35,"column":67},"end":{"line":35,"column":89}},"26":{"start":{"line":36,"column":4},"end":{"line":36,"column":24}}},"fnMap":{"0":{"name":"copy","decl":{"start":{"line":4,"column":16},"end":{"line":4,"column":20}},"loc":{"start":{"line":4,"column":28},"end":{"line":4,"column":72}},"line":4},"1":{"name":"isArray","decl":{"start":{"line":5,"column":16},"end":{"line":5,"column":23}},"loc":{"start":{"line":5,"column":31},"end":{"line":5,"column":62}},"line":5},"2":{"name":"isObject","decl":{"start":{"line":6,"column":16},"end":{"line":6,"column":24}},"loc":{"start":{"line":6,"column":32},"end":{"line":6,"column":93}},"line":6},"3":{"name":"isComposed","decl":{"start":{"line":7,"column":16},"end":{"line":7,"column":26}},"loc":{"start":{"line":7,"column":34},"end":{"line":7,"column":90}},"line":7},"4":{"name":"isPrimitive","decl":{"start":{"line":8,"column":16},"end":{"line":8,"column":27}},"loc":{"start":{"line":8,"column":35},"end":{"line":8,"column":64}},"line":8},"5":{"name":"isKey","decl":{"start":{"line":9,"column":16},"end":{"line":9,"column":21}},"loc":{"start":{"line":9,"column":32},"end":{"line":12,"column":1}},"line":9},"6":{"name":"toKey","decl":{"start":{"line":14,"column":16},"end":{"line":14,"column":21}},"loc":{"start":{"line":14,"column":32},"end":{"line":18,"column":1}},"line":14},"7":{"name":"toPath","decl":{"start":{"line":19,"column":16},"end":{"line":19,"column":22}},"loc":{"start":{"line":19,"column":34},"end":{"line":21,"column":1}},"line":19},"8":{"name":"(anonymous_8)","decl":{"start":{"line":20,"column":36},"end":{"line":20,"column":37}},"loc":{"start":{"line":20,"column":41},"end":{"line":20,"column":49}},"line":20},"9":{"name":"typeOf","decl":{"start":{"line":23,"column":16},"end":{"line":23,"column":22}},"loc":{"start":{"line":23,"column":30},"end":{"line":31,"column":1}},"line":23},"10":{"name":"default_abstract","decl":{"start":{"line":33,"column":16},"end":{"line":33,"column":32}},"loc":{"start":{"line":33,"column":52},"end":{"line":37,"column":1}},"line":33},"11":{"name":"(anonymous_11)","decl":{"start":{"line":35,"column":59},"end":{"line":35,"column":60}},"loc":{"start":{"line":35,"column":67},"end":{"line":35,"column":89}},"line":35}},"branchMap":{"0":{"loc":{"start":{"line":6,"column":41},"end":{"line":6,"column":91}},"type":"binary-expr","locations":[{"start":{"line":6,"column":41},"end":{"line":6,"column":56}},{"start":{"line":6,"column":60},"end":{"line":6,"column":91}}],"line":6},"1":{"loc":{"start":{"line":6,"column":68},"end":{"line":6,"column":78}},"type":"binary-expr","locations":[{"start":{"line":6,"column":68},"end":{"line":6,"column":73}},{"start":{"line":6,"column":77},"end":{"line":6,"column":78}}],"line":6},"2":{"loc":{"start":{"line":7,"column":44},"end":{"line":7,"column":87}},"type":"binary-expr","locations":[{"start":{"line":7,"column":44},"end":{"line":7,"column":69}},{"start":{"line":7,"column":73},"end":{"line":7,"column":87}}],"line":7},"3":{"loc":{"start":{"line":10,"column":4},"end":{"line":10,"column":79}},"type":"if","locations":[{"start":{"line":10,"column":4},"end":{"line":10,"column":79}},{"start":{},"end":{}}],"line":10},"4":{"loc":{"start":{"line":10,"column":8},"end":{"line":10,"column":66}},"type":"binary-expr","locations":[{"start":{"line":10,"column":8},"end":{"line":10,"column":35}},{"start":{"line":10,"column":39},"end":{"line":10,"column":66}}],"line":10},"5":{"loc":{"start":{"line":15,"column":4},"end":{"line":15,"column":52}},"type":"if","locations":[{"start":{"line":15,"column":4},"end":{"line":15,"column":52}},{"start":{},"end":{}}],"line":15},"6":{"loc":{"start":{"line":17,"column":11},"end":{"line":17,"column":52}},"type":"cond-expr","locations":[{"start":{"line":17,"column":29},"end":{"line":17,"column":46}},{"start":{"line":17,"column":49},"end":{"line":17,"column":52}}],"line":17},"7":{"loc":{"start":{"line":24,"column":4},"end":{"line":29,"column":5}},"type":"switch","locations":[{"start":{"line":25,"column":8},"end":{"line":25,"column":42}},{"start":{"line":26,"column":8},"end":{"line":26,"column":52}},{"start":{"line":27,"column":8},"end":{"line":27,"column":43}},{"start":{"line":28,"column":8},"end":{"line":28,"column":45}}],"line":24},"8":{"loc":{"start":{"line":34,"column":4},"end":{"line":34,"column":33}},"type":"if","locations":[{"start":{"line":34,"column":4},"end":{"line":34,"column":33}},{"start":{},"end":{}}],"line":34},"9":{"loc":{"start":{"line":35,"column":4},"end":{"line":35,"column":100}},"type":"if","locations":[{"start":{"line":35,"column":4},"end":{"line":35,"column":100}},{"start":{},"end":{}}],"line":35}},"s":{"0":5,"1":34,"2":522,"3":144,"4":802,"5":759,"6":4,"7":2,"8":2,"9":173,"10":1,"11":172,"12":172,"13":98,"14":170,"15":8,"16":1,"17":1,"18":1,"19":1,"20":4,"21":2,"22":0,"23":2,"24":1,"25":1,"26":1},"f":{"0":34,"1":522,"2":144,"3":802,"4":759,"5":4,"6":173,"7":98,"8":170,"9":8,"10":2,"11":1},"b":{"0":[144,114],"1":[114,2],"2":[802,233],"3":[2,2],"4":[4,3],"5":[1,172],"6":[30,142],"7":[1,1,1,1],"8":[0,2],"9":[1,1]},"_coverageSchema":"1a1c01bbd47fc00a2c39e90264f33305004495a9","hash":"ce7e7b6e45745a711bf15b12cc8bd1550b64d5de"}
}
