TN:
SF:compiler.js
FN:7,(anonymous_0)
FN:47,(anonymous_1)
FN:48,(anonymous_2)
FN:58,(anonymous_3)
FN:80,(anonymous_4)
FN:81,(anonymous_5)
FN:81,(anonymous_6)
FN:93,(anonymous_7)
FN:95,(anonymous_8)
FN:97,(anonymous_9)
FN:99,(anonymous_10)
FN:115,(anonymous_11)
FN:119,(anonymous_12)
FN:134,(anonymous_13)
FN:136,(anonymous_14)
FN:164,(anonymous_15)
FN:167,(anonymous_16)
FN:168,(anonymous_17)
FN:175,(anonymous_18)
FN:182,(anonymous_19)
FN:190,(anonymous_20)
FN:191,(anonymous_21)
FN:192,(anonymous_22)
FN:194,(anonymous_23)
FN:198,(anonymous_24)
FN:203,(anonymous_25)
FN:212,(anonymous_26)
FN:213,(anonymous_27)
FN:214,(anonymous_28)
FN:223,(anonymous_29)
FN:234,(anonymous_30)
FN:235,(anonymous_31)
FN:236,(anonymous_32)
FN:244,(anonymous_33)
FN:254,(anonymous_34)
FN:256,(anonymous_35)
FN:257,(anonymous_36)
FN:257,(anonymous_37)
FN:258,(anonymous_38)
FN:267,(anonymous_39)
FN:270,(anonymous_40)
FN:271,(anonymous_41)
FN:281,(anonymous_42)
FN:282,(anonymous_43)
FN:283,(anonymous_44)
FN:290,(anonymous_45)
FN:291,(anonymous_46)
FN:292,(anonymous_47)
FN:298,(anonymous_48)
FN:309,(anonymous_49)
FN:323,(anonymous_50)
FN:328,(anonymous_51)
FN:332,(anonymous_52)
FN:339,(anonymous_53)
FN:359,(anonymous_54)
FN:362,(anonymous_55)
FN:362,(anonymous_56)
FN:384,(anonymous_57)
FN:395,(anonymous_58)
FN:396,(anonymous_59)
FN:409,(anonymous_60)
FN:418,(anonymous_61)
FN:433,(anonymous_62)
FN:434,(anonymous_63)
FN:435,(anonymous_64)
FNF:65
FNH:59
FNDA:58,(anonymous_0)
FNDA:57,(anonymous_1)
FNDA:111,(anonymous_2)
FNDA:231,(anonymous_3)
FNDA:678,(anonymous_4)
FNDA:12,(anonymous_5)
FNDA:36,(anonymous_6)
FNDA:1140,(anonymous_7)
FNDA:233,(anonymous_8)
FNDA:0,(anonymous_9)
FNDA:6,(anonymous_10)
FNDA:57,(anonymous_11)
FNDA:115,(anonymous_12)
FNDA:9,(anonymous_13)
FNDA:9,(anonymous_14)
FNDA:57,(anonymous_15)
FNDA:115,(anonymous_16)
FNDA:4,(anonymous_17)
FNDA:57,(anonymous_18)
FNDA:118,(anonymous_19)
FNDA:6,(anonymous_20)
FNDA:0,(anonymous_21)
FNDA:0,(anonymous_22)
FNDA:3,(anonymous_23)
FNDA:44,(anonymous_24)
FNDA:2,(anonymous_25)
FNDA:57,(anonymous_26)
FNDA:117,(anonymous_27)
FNDA:117,(anonymous_28)
FNDA:3,(anonymous_29)
FNDA:57,(anonymous_30)
FNDA:115,(anonymous_31)
FNDA:115,(anonymous_32)
FNDA:0,(anonymous_33)
FNDA:115,(anonymous_34)
FNDA:12,(anonymous_35)
FNDA:2,(anonymous_36)
FNDA:6,(anonymous_37)
FNDA:2,(anonymous_38)
FNDA:111,(anonymous_39)
FNDA:12,(anonymous_40)
FNDA:6,(anonymous_41)
FNDA:57,(anonymous_42)
FNDA:115,(anonymous_43)
FNDA:115,(anonymous_44)
FNDA:57,(anonymous_45)
FNDA:115,(anonymous_46)
FNDA:26,(anonymous_47)
FNDA:39,(anonymous_48)
FNDA:13,(anonymous_49)
FNDA:684,(anonymous_50)
FNDA:1356,(anonymous_51)
FNDA:20,(anonymous_52)
FNDA:3,(anonymous_53)
FNDA:11,(anonymous_54)
FNDA:0,(anonymous_55)
FNDA:0,(anonymous_56)
FNDA:6,(anonymous_57)
FNDA:3,(anonymous_58)
FNDA:3,(anonymous_59)
FNDA:3,(anonymous_60)
FNDA:22,(anonymous_61)
FNDA:57,(anonymous_62)
FNDA:113,(anonymous_63)
FNDA:113,(anonymous_64)
DA:5,4
DA:8,58
DA:9,58
DA:11,57
DA:12,57
DA:48,111
DA:49,54
DA:59,231
DA:62,231
DA:63,2279
DA:65,3
DA:66,3
DA:70,228
DA:71,50
DA:72,76
DA:76,226
DA:77,8
DA:80,678
DA:81,226
DA:92,1140
DA:93,1140
DA:95,233
DA:100,6
DA:101,5
DA:102,5
DA:113,4
DA:116,57
DA:117,57
DA:120,115
DA:126,115
DA:132,115
DA:133,115
DA:134,115
DA:137,9
DA:138,9
DA:139,9
DA:140,9
DA:141,8
DA:142,8
DA:143,8
DA:144,0
DA:145,0
DA:148,9
DA:149,9
DA:150,8
DA:151,8
DA:152,8
DA:153,0
DA:154,0
DA:157,9
DA:162,4
DA:165,57
DA:167,115
DA:169,4
DA:174,57
DA:176,57
DA:177,57
DA:178,57
DA:179,2
DA:183,118
DA:184,118
DA:185,27
DA:186,40
DA:189,117
DA:190,117
DA:191,117
DA:192,117
DA:195,3
DA:196,1
DA:199,44
DA:200,3
DA:201,3
DA:202,2
DA:203,2
DA:204,2
DA:206,41
DA:210,4
DA:212,57
DA:213,117
DA:215,117
DA:216,117
DA:218,113
DA:219,113
DA:220,113
DA:222,3
DA:223,3
DA:224,2
DA:225,2
DA:227,1
DA:232,4
DA:234,57
DA:235,115
DA:237,115
DA:238,115
DA:239,115
DA:241,4
DA:242,4
DA:244,12
DA:245,12
DA:246,12
DA:255,115
DA:256,12
DA:257,6
DA:258,4
DA:268,111
DA:270,12
DA:271,6
DA:272,12
DA:274,99
DA:279,4
DA:281,57
DA:282,115
DA:284,115
DA:288,4
DA:290,57
DA:291,115
DA:293,26
DA:294,26
DA:295,26
DA:297,26
DA:298,26
DA:300,39
DA:301,39
DA:303,39
DA:304,39
DA:306,39
DA:309,26
DA:310,13
DA:311,13
DA:313,26
DA:318,4
DA:320,4
DA:321,4
DA:324,684
DA:325,684
DA:326,684
DA:329,1356
DA:333,20
DA:334,20
DA:335,20
DA:341,3
DA:350,3
DA:351,3
DA:352,3
DA:353,3
DA:355,0
DA:357,3
DA:361,11
DA:362,0
DA:363,11
DA:364,11
DA:374,11
DA:375,11
DA:376,11
DA:377,11
DA:379,0
DA:382,11
DA:385,6
DA:386,6
DA:387,6
DA:389,0
DA:390,0
DA:392,5
DA:393,5
DA:395,3
DA:396,3
DA:397,1
DA:398,1
DA:400,6
DA:408,6
DA:409,6
DA:410,6
DA:411,6
DA:412,6
DA:414,0
DA:416,6
DA:420,22
DA:421,7
DA:422,7
DA:423,7
DA:424,7
DA:431,4
DA:433,57
DA:434,113
DA:436,113
LF:185
LH:175
BRDA:9,0,0,1
BRDA:9,0,1,57
BRDA:11,1,0,31
BRDA:11,1,1,26
BRDA:59,2,0,0
BRDA:59,2,1,231
BRDA:63,3,0,2279
BRDA:63,3,1,2279
BRDA:63,3,2,743
BRDA:70,4,0,50
BRDA:70,4,1,178
BRDA:76,5,0,8
BRDA:76,5,1,218
BRDA:93,6,0,0
BRDA:132,7,0,56
BRDA:132,7,1,59
BRDA:139,8,0,8
BRDA:139,8,1,1
BRDA:140,9,0,8
BRDA:140,9,1,1
BRDA:143,10,0,0
BRDA:143,10,1,8
BRDA:151,11,0,0
BRDA:151,11,1,8
BRDA:152,12,0,0
BRDA:152,12,1,8
BRDA:167,13,0,115
BRDA:167,13,1,4
BRDA:169,14,0,2
BRDA:169,14,1,2
BRDA:169,15,0,4
BRDA:169,15,1,2
BRDA:169,15,2,2
BRDA:175,16,0,0
BRDA:178,17,0,57
BRDA:178,17,1,55
BRDA:184,18,0,27
BRDA:184,18,1,91
BRDA:189,19,0,4
BRDA:189,19,1,113
BRDA:190,20,0,2
BRDA:190,20,1,115
BRDA:190,21,0,0
BRDA:190,21,1,6
BRDA:191,22,0,0
BRDA:191,22,1,117
BRDA:191,23,0,0
BRDA:191,23,1,0
BRDA:192,24,0,0
BRDA:192,24,1,117
BRDA:192,25,0,0
BRDA:192,25,1,0
BRDA:195,26,0,2
BRDA:195,26,1,1
BRDA:199,27,0,3
BRDA:199,27,1,41
BRDA:201,28,0,1
BRDA:201,28,1,2
BRDA:203,29,0,2
BRDA:203,29,1,0
BRDA:215,30,0,4
BRDA:215,30,1,113
BRDA:215,31,0,113
BRDA:215,31,1,59
BRDA:216,32,0,113
BRDA:216,32,1,3
BRDA:216,32,2,1
BRDA:222,33,0,1
BRDA:222,33,1,2
BRDA:223,34,0,2
BRDA:223,34,1,0
BRDA:239,35,0,4
BRDA:239,35,1,12
BRDA:244,36,0,12
BRDA:244,36,1,12
BRDA:255,37,0,111
BRDA:255,37,1,4
BRDA:255,38,0,115
BRDA:255,38,1,4
BRDA:255,38,2,4
BRDA:268,39,0,6
BRDA:268,39,1,10
BRDA:268,39,2,12
BRDA:291,40,0,115
BRDA:291,40,1,26
BRDA:291,40,2,26
BRDA:300,41,0,0
BRDA:300,41,1,39
BRDA:300,42,0,39
BRDA:300,42,1,0
BRDA:301,43,0,0
BRDA:301,43,1,39
BRDA:303,44,0,0
BRDA:303,44,1,39
BRDA:303,45,0,39
BRDA:303,45,1,0
BRDA:304,46,0,0
BRDA:304,46,1,39
BRDA:311,47,0,0
BRDA:311,47,1,13
BRDA:326,48,0,684
BRDA:326,48,1,0
BRDA:329,49,0,1356
BRDA:329,49,1,32
BRDA:334,50,0,20
BRDA:334,50,1,0
BRDA:334,51,0,20
BRDA:334,51,1,1
BRDA:361,52,0,0
BRDA:361,52,1,11
BRDA:361,53,0,11
BRDA:361,53,1,11
BRDA:362,54,0,0
BRDA:362,54,1,0
BRDA:363,55,0,11
BRDA:363,55,1,0
BRDA:387,56,0,0
BRDA:387,56,1,5
BRDA:387,56,2,1
BRDA:389,57,0,0
BRDA:389,57,1,0
BRDA:409,58,0,1
BRDA:409,58,1,5
BRDA:410,59,0,5
BRDA:410,59,1,1
BRDA:420,60,0,22
BRDA:420,60,1,0
BRDA:423,61,0,7
BRDA:423,61,1,0
BRDA:423,62,0,7
BRDA:423,62,1,7
BRDA:436,63,0,113
BRDA:436,63,1,0
BRF:133
BRH:99
end_of_record
TN:
SF:data.js
FN:3,(anonymous_0)
FN:17,(anonymous_1)
FN:27,(anonymous_2)
FN:30,(anonymous_3)
FN:31,(anonymous_4)
FN:37,(anonymous_5)
FN:40,(anonymous_6)
FN:42,(anonymous_7)
FN:43,(anonymous_8)
FN:51,(anonymous_9)
FN:59,(anonymous_10)
FN:60,(anonymous_11)
FN:65,(anonymous_12)
FN:66,(anonymous_13)
FN:74,(anonymous_14)
FN:81,(anonymous_15)
FNF:16
FNH:8
FNDA:8,(anonymous_0)
FNDA:42,(anonymous_1)
FNDA:42,(anonymous_2)
FNDA:42,(anonymous_3)
FNDA:0,(anonymous_4)
FNDA:0,(anonymous_5)
FNDA:0,(anonymous_6)
FNDA:0,(anonymous_7)
FNDA:0,(anonymous_8)
FNDA:0,(anonymous_9)
FNDA:21,(anonymous_10)
FNDA:0,(anonymous_11)
FNDA:21,(anonymous_12)
FNDA:0,(anonymous_13)
FNDA:4,(anonymous_14)
FNDA:4,(anonymous_15)
DA:4,8
DA:18,42
DA:28,42
DA:29,42
DA:30,42
DA:31,0
DA:32,42
DA:33,42
DA:35,42
DA:37,0
DA:38,0
DA:40,0
DA:41,0
DA:42,0
DA:43,0
DA:44,0
DA:45,0
DA:49,0
DA:51,0
DA:52,0
DA:54,0
DA:59,21
DA:61,0
DA:65,21
DA:67,0
DA:68,0
DA:73,4
DA:75,4
DA:80,4
DA:82,4
LF:30
LH:14
BRDA:28,0,0,0
BRDA:28,0,1,42
BRDA:33,1,0,42
BRDA:33,1,1,0
BRDA:33,1,2,0
BRDA:33,1,3,0
BRDA:36,2,0,0
BRDA:36,2,1,0
BRDA:39,3,0,0
BRDA:39,3,1,0
BRDA:43,4,0,0
BRDA:43,4,1,0
BRDA:44,5,0,0
BRDA:44,5,1,0
BRDA:44,6,0,0
BRDA:44,6,1,0
BRDA:59,7,0,21
BRDA:59,7,1,0
BRF:18
BRH:3
end_of_record
TN:
SF:dynamik.js
FN:17,split
FN:31,move
FN:52,(anonymous_2)
FN:63,(anonymous_3)
FN:69,(anonymous_4)
FN:70,(anonymous_5)
FN:71,(anonymous_6)
FN:72,(anonymous_7)
FN:73,(anonymous_8)
FN:74,(anonymous_9)
FN:75,(anonymous_10)
FN:76,(anonymous_11)
FN:77,(anonymous_12)
FN:78,(anonymous_13)
FN:95,(anonymous_14)
FN:96,(anonymous_15)
FN:104,(anonymous_16)
FN:114,(anonymous_17)
FN:115,(anonymous_18)
FN:117,(anonymous_19)
FN:122,(anonymous_20)
FN:127,(anonymous_21)
FN:132,(anonymous_22)
FN:137,(anonymous_23)
FN:143,(anonymous_24)
FN:148,(anonymous_25)
FN:153,(anonymous_26)
FN:156,(anonymous_27)
FN:158,(anonymous_28)
FN:160,(anonymous_29)
FN:162,(anonymous_30)
FN:164,(anonymous_31)
FN:166,(anonymous_32)
FN:168,(anonymous_33)
FN:170,(anonymous_34)
FN:172,(anonymous_35)
FN:177,(anonymous_36)
FN:182,(anonymous_37)
FN:200,(anonymous_38)
FN:201,(anonymous_39)
FN:213,(anonymous_40)
FN:224,(anonymous_41)
FN:231,(anonymous_42)
FN:256,(anonymous_43)
FN:259,(anonymous_44)
FN:262,(anonymous_45)
FN:268,(anonymous_46)
FNF:47
FNH:44
FNDA:97,split
FNDA:30,move
FNDA:97,(anonymous_2)
FNDA:30,(anonymous_3)
FNDA:2,(anonymous_4)
FNDA:1,(anonymous_5)
FNDA:24,(anonymous_6)
FNDA:23,(anonymous_7)
FNDA:1,(anonymous_8)
FNDA:0,(anonymous_9)
FNDA:9,(anonymous_10)
FNDA:3,(anonymous_11)
FNDA:1,(anonymous_12)
FNDA:65,(anonymous_13)
FNDA:1,(anonymous_14)
FNDA:47,(anonymous_15)
FNDA:0,(anonymous_16)
FNDA:20,(anonymous_17)
FNDA:8,(anonymous_18)
FNDA:4,(anonymous_19)
FNDA:2,(anonymous_20)
FNDA:2,(anonymous_21)
FNDA:25,(anonymous_22)
FNDA:7,(anonymous_23)
FNDA:2,(anonymous_24)
FNDA:2,(anonymous_25)
FNDA:5,(anonymous_26)
FNDA:2,(anonymous_27)
FNDA:4,(anonymous_28)
FNDA:2,(anonymous_29)
FNDA:3,(anonymous_30)
FNDA:1,(anonymous_31)
FNDA:3,(anonymous_32)
FNDA:1,(anonymous_33)
FNDA:1,(anonymous_34)
FNDA:0,(anonymous_35)
FNDA:75,(anonymous_36)
FNDA:23,(anonymous_37)
FNDA:434,(anonymous_38)
FNDA:10,(anonymous_39)
FNDA:33,(anonymous_40)
FNDA:229,(anonymous_41)
FNDA:261,(anonymous_42)
FNDA:21,(anonymous_43)
FNDA:1,(anonymous_44)
FNDA:2,(anonymous_45)
FNDA:1,(anonymous_46)
DA:6,4
DA:7,4
DA:8,4
DA:18,97
DA:19,97
DA:20,97
DA:21,97
DA:22,97
DA:23,97
DA:32,30
DA:33,30
DA:34,30
DA:35,16
DA:36,14
DA:39,35
DA:40,28
DA:53,97
DA:54,97
DA:55,95
DA:56,95
DA:64,30
DA:65,28
DA:66,28
DA:67,28
DA:69,2
DA:70,1
DA:71,24
DA:72,23
DA:73,1
DA:74,0
DA:75,9
DA:76,3
DA:77,1
DA:79,65
DA:80,65
DA:81,65
DA:82,32
DA:83,32
DA:85,0
DA:86,0
DA:88,14
DA:89,14
DA:90,18
DA:93,47
DA:95,1
DA:97,47
DA:98,47
DA:99,34
DA:100,1
DA:102,46
DA:105,0
DA:106,0
DA:107,0
DA:115,20
DA:119,4
DA:120,4
DA:124,2
DA:125,2
DA:129,2
DA:130,2
DA:134,25
DA:135,25
DA:139,7
DA:140,5
DA:141,5
DA:145,2
DA:146,2
DA:150,2
DA:151,2
DA:155,5
DA:156,5
DA:159,4
DA:160,4
DA:163,3
DA:164,3
DA:167,3
DA:168,3
DA:171,1
DA:172,1
DA:178,75
DA:179,75
DA:180,75
DA:183,23
DA:184,23
DA:185,23
DA:186,21
DA:187,21
DA:188,21
DA:189,21
DA:190,21
DA:191,21
DA:192,21
DA:193,21
DA:194,21
DA:195,21
DA:196,21
DA:198,2
DA:201,434
DA:202,424
DA:203,380
DA:205,380
DA:210,4
DA:211,33
DA:212,33
DA:214,33
DA:215,33
DA:216,32
DA:217,32
DA:218,32
DA:219,32
DA:220,32
DA:221,32
DA:225,229
DA:226,229
DA:227,229
DA:228,215
DA:233,261
DA:234,75
DA:236,29
DA:237,85
DA:238,85
DA:239,85
DA:240,85
DA:241,85
DA:242,85
DA:245,75
DA:246,46
DA:247,123
DA:248,123
DA:249,123
DA:250,123
DA:251,123
DA:252,123
DA:258,21
DA:259,21
DA:263,2
DA:264,2
DA:265,2
DA:269,1
DA:270,1
DA:271,1
LF:141
LH:135
BRDA:18,0,0,0
BRDA:18,0,1,97
BRDA:22,1,0,82
BRDA:22,1,1,15
BRDA:33,2,0,15
BRDA:33,2,1,15
BRDA:35,3,0,2
BRDA:35,3,1,14
BRDA:52,4,0,28
BRDA:53,5,0,67
BRDA:53,5,1,30
BRDA:53,6,0,97
BRDA:53,6,1,68
BRDA:54,7,0,2
BRDA:54,7,1,95
BRDA:63,8,0,0
BRDA:71,9,0,2
BRDA:71,9,1,22
BRDA:75,10,0,6
BRDA:75,10,1,3
BRDA:82,11,0,0
BRDA:82,11,1,32
BRDA:83,12,0,0
BRDA:83,12,1,14
BRDA:83,12,2,18
BRDA:99,13,0,33
BRDA:99,13,1,1
BRDA:107,14,0,0
BRDA:107,14,1,0
BRDA:115,15,0,0
BRDA:115,15,1,8
BRDA:120,16,0,3
BRDA:120,16,1,1
BRDA:125,17,0,1
BRDA:125,17,1,1
BRDA:130,18,0,1
BRDA:130,18,1,1
BRDA:135,19,0,4
BRDA:135,19,1,21
BRDA:139,20,0,2
BRDA:139,20,1,5
BRDA:141,21,0,3
BRDA:141,21,1,2
BRDA:146,22,0,1
BRDA:146,22,1,1
BRDA:151,23,0,1
BRDA:151,23,1,1
BRDA:156,24,0,4
BRDA:156,24,1,1
BRDA:160,25,0,3
BRDA:160,25,1,1
BRDA:164,26,0,2
BRDA:164,26,1,1
BRDA:168,27,0,2
BRDA:168,27,1,1
BRDA:172,28,0,0
BRDA:172,28,1,1
BRDA:185,29,0,21
BRDA:185,29,1,2
BRDA:188,30,0,21
BRDA:188,30,1,0
BRDA:188,31,0,0
BRDA:188,31,1,0
BRDA:189,32,0,21
BRDA:189,32,1,0
BRDA:201,33,0,10
BRDA:201,33,1,424
BRDA:202,34,0,44
BRDA:202,34,1,380
BRDA:213,35,0,25
BRDA:213,36,0,29
BRDA:214,37,0,1
BRDA:214,37,1,32
BRDA:215,38,0,1
BRDA:215,38,1,32
BRDA:217,39,0,8
BRDA:217,39,1,24
BRDA:225,40,0,0
BRDA:225,40,1,229
BRDA:225,41,0,229
BRDA:225,41,1,0
BRDA:226,42,0,0
BRDA:226,42,1,229
BRDA:226,43,0,0
BRDA:226,43,1,0
BRDA:227,44,0,14
BRDA:227,44,1,215
BRDA:227,45,0,14
BRDA:227,45,1,0
BRDA:233,46,0,186
BRDA:233,46,1,75
BRDA:234,47,0,29
BRDA:234,47,1,46
BRDA:238,48,0,74
BRDA:238,48,1,11
BRDA:238,49,0,5
BRDA:238,49,1,6
BRDA:239,50,0,74
BRDA:239,50,1,11
BRDA:245,51,0,46
BRDA:245,51,1,29
BRDA:248,52,0,91
BRDA:248,52,1,32
BRDA:248,53,0,16
BRDA:248,53,1,16
BRDA:249,54,0,91
BRDA:249,54,1,32
BRDA:258,55,0,21
BRDA:258,55,1,19
BRDA:263,56,0,2
BRDA:263,56,1,2
BRDA:264,57,0,2
BRDA:264,57,1,0
BRDA:269,58,0,1
BRDA:269,58,1,0
BRDA:271,59,0,1
BRDA:271,59,1,0
BRF:117
BRH:96
end_of_record
TN:
SF:utils.js
FN:4,copy
FN:5,isArray
FN:6,isObject
FN:7,isComposed
FN:8,isPrimitive
FN:9,isKey
FN:14,toKey
FN:19,toPath
FN:20,(anonymous_8)
FN:23,typeOf
FN:33,default_abstract
FN:35,(anonymous_11)
FNF:12
FNH:12
FNDA:34,copy
FNDA:522,isArray
FNDA:144,isObject
FNDA:802,isComposed
FNDA:759,isPrimitive
FNDA:4,isKey
FNDA:173,toKey
FNDA:98,toPath
FNDA:170,(anonymous_8)
FNDA:8,typeOf
FNDA:2,default_abstract
FNDA:1,(anonymous_11)
DA:2,5
DA:4,34
DA:5,522
DA:6,144
DA:7,802
DA:8,759
DA:10,4
DA:11,2
DA:15,173
DA:16,172
DA:17,172
DA:20,170
DA:24,8
DA:25,1
DA:26,1
DA:27,1
DA:28,1
DA:30,4
DA:34,2
DA:35,2
DA:36,1
LF:21
LH:21
BRDA:6,0,0,144
BRDA:6,0,1,114
BRDA:6,1,0,114
BRDA:6,1,1,2
BRDA:7,2,0,802
BRDA:7,2,1,233
BRDA:10,3,0,2
BRDA:10,3,1,2
BRDA:10,4,0,4
BRDA:10,4,1,3
BRDA:15,5,0,1
BRDA:15,5,1,172
BRDA:17,6,0,30
BRDA:17,6,1,142
BRDA:24,7,0,1
BRDA:24,7,1,1
BRDA:24,7,2,1
BRDA:24,7,3,1
BRDA:34,8,0,0
BRDA:34,8,1,2
BRDA:35,9,0,1
BRDA:35,9,1,1
BRF:22
BRH:21
end_of_record
